2025-10-02 20:30:33,266 - INFO - Loaded API keys from config/credentials.json
2025-10-02 20:30:33,266 - WARNING - Missing API keys: ['ALPHA_VANTAGE_KEY', 'FINNHUB_KEY', 'BINANCE_API_KEY', 'BINANCE_API_SECRET', 'MT5_PATH', 'OANDA_API_KEY', 'OANDA_ACCOUNT_ID']. Using alternatives.
2025-10-02 20:30:33,266 - INFO - API keys loaded; using alternatives where needed.
2025-10-02 20:30:33,266 - INFO - Loaded API keys from config/credentials.json
2025-10-02 20:30:33,266 - WARNING - Missing API keys: ['ALPHA_VANTAGE_KEY', 'FINNHUB_KEY', 'BINANCE_API_KEY', 'BINANCE_API_SECRET', 'MT5_PATH', 'OANDA_API_KEY', 'OANDA_ACCOUNT_ID']. Using alternatives.
2025-10-02 20:30:33,267 - INFO - Loaded API keys from config/credentials.json
2025-10-02 20:30:33,267 - WARNING - Missing API keys: ['ALPHA_VANTAGE_KEY', 'FINNHUB_KEY', 'BINANCE_API_KEY', 'BINANCE_API_SECRET', 'MT5_PATH', 'OANDA_API_KEY', 'OANDA_ACCOUNT_ID']. Using alternatives.
2025-10-02 20:30:33,268 - INFO - Iteration 1 start
2025-10-02 20:30:34,407 - ERROR - Error fetching BTC/USDT: No price fetched for BTC/USDT
2025-10-02 20:30:35,197 - ERROR - Error fetching ETH/USDT: No price fetched for ETH/USDT
2025-10-02 20:30:36,250 - ERROR - Error fetching SOL/USDT: No price fetched for SOL/USDT
2025-10-02 20:30:36,250 - ERROR - Error fetching EUR/USD: No price fetched for EUR/USD
2025-10-02 20:30:36,250 - ERROR - Error fetching GBP/USD: No price fetched for GBP/USD
2025-10-02 20:30:36,250 - ERROR - Error fetching USD/JPY: No price fetched for USD/JPY
2025-10-02 20:30:36,250 - ERROR - Error fetching AAPL: No price fetched for AAPL
2025-10-02 20:30:36,250 - ERROR - Error fetching GOOG: No price fetched for GOOG
2025-10-02 20:30:36,250 - ERROR - Error fetching MSFT: No price fetched for MSFT
2025-10-02 20:30:36,250 - ERROR - Error fetching GOLD/USD: No price fetched for GOLD/USD
2025-10-02 20:30:36,250 - ERROR - Error fetching SILVER/USD: No price fetched for SILVER/USD
2025-10-02 20:30:39,013 - ERROR - Error fetching BTC/USDT: No price fetched for BTC/USDT
2025-10-02 20:30:39,941 - ERROR - Error fetching ETH/USDT: No price fetched for ETH/USDT
2025-10-02 20:30:40,896 - ERROR - Error fetching SOL/USDT: 429 Client Error: Too Many Requests for url: https://api.coingecko.com/api/v3/simple/price?ids=sol&vs_currencies=usd
2025-10-02 20:30:40,896 - ERROR - Error fetching EUR/USD: No price fetched for EUR/USD
2025-10-02 20:30:40,896 - ERROR - Error fetching GBP/USD: No price fetched for GBP/USD
2025-10-02 20:30:40,896 - ERROR - Error fetching USD/JPY: No price fetched for USD/JPY
2025-10-02 20:30:40,896 - ERROR - Error fetching AAPL: No price fetched for AAPL
2025-10-02 20:30:40,897 - ERROR - Error fetching GOOG: No price fetched for GOOG
2025-10-02 20:30:40,897 - ERROR - Error fetching MSFT: No price fetched for MSFT
2025-10-02 20:30:40,897 - ERROR - Error fetching GOLD/USD: No price fetched for GOLD/USD
2025-10-02 20:30:40,897 - ERROR - Error fetching SILVER/USD: No price fetched for SILVER/USD
2025-10-02 20:30:45,576 - ERROR - Error fetching BTC/USDT: 429 Client Error: Too Many Requests for url: https://api.coingecko.com/api/v3/simple/price?ids=btc&vs_currencies=usd
2025-10-02 20:30:46,388 - ERROR - Error fetching ETH/USDT: 429 Client Error: Too Many Requests for url: https://api.coingecko.com/api/v3/simple/price?ids=eth&vs_currencies=usd
2025-10-02 20:30:47,104 - ERROR - Error fetching SOL/USDT: 429 Client Error: Too Many Requests for url: https://api.coingecko.com/api/v3/simple/price?ids=sol&vs_currencies=usd
2025-10-02 20:30:47,104 - ERROR - Error fetching EUR/USD: No price fetched for EUR/USD
2025-10-02 20:30:47,104 - ERROR - Error fetching GBP/USD: No price fetched for GBP/USD
2025-10-02 20:30:47,105 - ERROR - Error fetching USD/JPY: No price fetched for USD/JPY
2025-10-02 20:30:47,105 - ERROR - Error fetching AAPL: No price fetched for AAPL
2025-10-02 20:30:47,105 - ERROR - Error fetching GOOG: No price fetched for GOOG
2025-10-02 20:30:47,105 - ERROR - Error fetching MSFT: No price fetched for MSFT
2025-10-02 20:30:47,105 - ERROR - Error fetching GOLD/USD: No price fetched for GOLD/USD
2025-10-02 20:30:47,105 - ERROR - Error fetching SILVER/USD: No price fetched for SILVER/USD
2025-10-02 20:30:47,107 - ERROR - Error in iteration 1: No data fetched from APIs.
2025-10-02 20:31:47,111 - INFO - Iteration 2 start
2025-10-02 20:31:47,905 - ERROR - Error fetching BTC/USDT: No price fetched for BTC/USDT
2025-10-02 20:31:48,916 - ERROR - Error fetching ETH/USDT: No price fetched for ETH/USDT
2025-10-02 20:31:49,806 - ERROR - Error fetching SOL/USDT: No price fetched for SOL/USDT
2025-10-02 20:31:49,806 - ERROR - Error fetching EUR/USD: No price fetched for EUR/USD
2025-10-02 20:31:49,806 - ERROR - Error fetching GBP/USD: No price fetched for GBP/USD
2025-10-02 20:31:49,806 - ERROR - Error fetching USD/JPY: No price fetched for USD/JPY
2025-10-02 20:31:49,807 - ERROR - Error fetching AAPL: No price fetched for AAPL
2025-10-02 20:31:49,807 - ERROR - Error fetching GOOG: No price fetched for GOOG
2025-10-02 20:31:49,807 - ERROR - Error fetching MSFT: No price fetched for MSFT
2025-10-02 20:31:49,807 - ERROR - Error fetching GOLD/USD: No price fetched for GOLD/USD
2025-10-02 20:31:49,807 - ERROR - Error fetching SILVER/USD: No price fetched for SILVER/USD
2025-10-02 20:31:53,058 - ERROR - Error fetching BTC/USDT: No price fetched for BTC/USDT
2025-10-02 20:31:54,187 - ERROR - Error fetching ETH/USDT: No price fetched for ETH/USDT
2025-10-02 20:31:54,791 - ERROR - Error fetching SOL/USDT: 429 Client Error: Too Many Requests for url: https://api.coingecko.com/api/v3/simple/price?ids=sol&vs_currencies=usd
2025-10-02 20:31:54,791 - ERROR - Error fetching EUR/USD: No price fetched for EUR/USD
2025-10-02 20:31:54,792 - ERROR - Error fetching GBP/USD: No price fetched for GBP/USD
2025-10-02 20:31:54,792 - ERROR - Error fetching USD/JPY: No price fetched for USD/JPY
2025-10-02 20:31:54,792 - ERROR - Error fetching AAPL: No price fetched for AAPL
2025-10-02 20:31:54,792 - ERROR - Error fetching GOOG: No price fetched for GOOG
2025-10-02 20:31:54,792 - ERROR - Error fetching MSFT: No price fetched for MSFT
2025-10-02 20:31:54,792 - ERROR - Error fetching GOLD/USD: No price fetched for GOLD/USD
2025-10-02 20:31:54,792 - ERROR - Error fetching SILVER/USD: No price fetched for SILVER/USD
2025-10-02 20:31:59,498 - ERROR - Error fetching BTC/USDT: 429 Client Error: Too Many Requests for url: https://api.coingecko.com/api/v3/simple/price?ids=btc&vs_currencies=usd
2025-10-02 20:32:00,336 - ERROR - Error fetching ETH/USDT: 429 Client Error: Too Many Requests for url: https://api.coingecko.com/api/v3/simple/price?ids=eth&vs_currencies=usd
2025-10-02 20:32:00,935 - ERROR - Error fetching SOL/USDT: 429 Client Error: Too Many Requests for url: https://api.coingecko.com/api/v3/simple/price?ids=sol&vs_currencies=usd
2025-10-02 20:32:00,936 - ERROR - Error fetching EUR/USD: No price fetched for EUR/USD
2025-10-02 20:32:00,936 - ERROR - Error fetching GBP/USD: No price fetched for GBP/USD
2025-10-02 20:32:00,936 - ERROR - Error fetching USD/JPY: No price fetched for USD/JPY
2025-10-02 20:32:00,936 - ERROR - Error fetching AAPL: No price fetched for AAPL
2025-10-02 20:32:00,936 - ERROR - Error fetching GOOG: No price fetched for GOOG
2025-10-02 20:32:00,936 - ERROR - Error fetching MSFT: No price fetched for MSFT
2025-10-02 20:32:00,936 - ERROR - Error fetching GOLD/USD: No price fetched for GOLD/USD
2025-10-02 20:32:00,936 - ERROR - Error fetching SILVER/USD: No price fetched for SILVER/USD
2025-10-02 20:32:00,939 - ERROR - Error in iteration 2: No data fetched from APIs.
2025-10-02 20:33:00,947 - INFO - Iteration 3 start
2025-10-02 20:33:02,155 - ERROR - Error fetching BTC/USDT: No price fetched for BTC/USDT
2025-10-02 20:33:03,049 - ERROR - Error fetching ETH/USDT: No price fetched for ETH/USDT
2025-10-02 20:33:04,240 - ERROR - Error fetching SOL/USDT: No price fetched for SOL/USDT
2025-10-02 20:33:04,240 - ERROR - Error fetching EUR/USD: No price fetched for EUR/USD
2025-10-02 20:33:04,240 - ERROR - Error fetching GBP/USD: No price fetched for GBP/USD
2025-10-02 20:33:04,241 - ERROR - Error fetching USD/JPY: No price fetched for USD/JPY
2025-10-02 20:33:04,241 - ERROR - Error fetching AAPL: No price fetched for AAPL
2025-10-02 20:33:04,241 - ERROR - Error fetching GOOG: No price fetched for GOOG
2025-10-02 20:33:04,241 - ERROR - Error fetching MSFT: No price fetched for MSFT
2025-10-02 20:33:04,241 - ERROR - Error fetching GOLD/USD: No price fetched for GOLD/USD
2025-10-02 20:33:04,241 - ERROR - Error fetching SILVER/USD: No price fetched for SILVER/USD
2025-10-02 20:33:06,962 - ERROR - Error fetching BTC/USDT: No price fetched for BTC/USDT
2025-10-02 20:33:07,491 - ERROR - Error fetching ETH/USDT: No price fetched for ETH/USDT
2025-10-02 20:33:08,519 - ERROR - Error fetching SOL/USDT: 429 Client Error: Too Many Requests for url: https://api.coingecko.com/api/v3/simple/price?ids=sol&vs_currencies=usd
2025-10-02 20:33:08,520 - ERROR - Error fetching EUR/USD: No price fetched for EUR/USD
2025-10-02 20:33:08,520 - ERROR - Error fetching GBP/USD: No price fetched for GBP/USD
2025-10-02 20:33:08,520 - ERROR - Error fetching USD/JPY: No price fetched for USD/JPY
2025-10-02 20:33:08,520 - ERROR - Error fetching AAPL: No price fetched for AAPL
2025-10-02 20:33:08,520 - ERROR - Error fetching GOOG: No price fetched for GOOG
2025-10-02 20:33:08,520 - ERROR - Error fetching MSFT: No price fetched for MSFT
2025-10-02 20:33:08,520 - ERROR - Error fetching GOLD/USD: No price fetched for GOLD/USD
2025-10-02 20:33:08,520 - ERROR - Error fetching SILVER/USD: No price fetched for SILVER/USD
2025-10-02 20:33:13,249 - ERROR - Error fetching BTC/USDT: 429 Client Error: Too Many Requests for url: https://api.coingecko.com/api/v3/simple/price?ids=btc&vs_currencies=usd
2025-10-02 20:33:13,880 - ERROR - Error fetching ETH/USDT: 429 Client Error: Too Many Requests for url: https://api.coingecko.com/api/v3/simple/price?ids=eth&vs_currencies=usd
2025-10-02 20:33:14,542 - ERROR - Error fetching SOL/USDT: 429 Client Error: Too Many Requests for url: https://api.coingecko.com/api/v3/simple/price?ids=sol&vs_currencies=usd
2025-10-02 20:33:14,542 - ERROR - Error fetching EUR/USD: No price fetched for EUR/USD
2025-10-02 20:33:14,542 - ERROR - Error fetching GBP/USD: No price fetched for GBP/USD
2025-10-02 20:33:14,542 - ERROR - Error fetching USD/JPY: No price fetched for USD/JPY
2025-10-02 20:33:14,542 - ERROR - Error fetching AAPL: No price fetched for AAPL
2025-10-02 20:33:14,542 - ERROR - Error fetching GOOG: No price fetched for GOOG
2025-10-02 20:33:14,542 - ERROR - Error fetching MSFT: No price fetched for MSFT
2025-10-02 20:33:14,542 - ERROR - Error fetching GOLD/USD: No price fetched for GOLD/USD
2025-10-02 20:33:14,542 - ERROR - Error fetching SILVER/USD: No price fetched for SILVER/USD
2025-10-02 20:33:14,543 - ERROR - Error in iteration 3: No data fetched from APIs.
2025-10-02 20:34:14,547 - INFO - Iteration 4 start
2025-10-02 20:34:15,378 - ERROR - Error fetching BTC/USDT: No price fetched for BTC/USDT
2025-10-02 20:34:16,309 - ERROR - Error fetching ETH/USDT: No price fetched for ETH/USDT
2025-10-02 20:34:17,742 - ERROR - Error fetching SOL/USDT: 429 Client Error: Too Many Requests for url: https://api.coingecko.com/api/v3/simple/price?ids=sol&vs_currencies=usd
2025-10-02 20:34:17,742 - ERROR - Error fetching EUR/USD: No price fetched for EUR/USD
2025-10-02 20:34:17,742 - ERROR - Error fetching GBP/USD: No price fetched for GBP/USD
2025-10-02 20:34:17,742 - ERROR - Error fetching USD/JPY: No price fetched for USD/JPY
2025-10-02 20:34:17,742 - ERROR - Error fetching AAPL: No price fetched for AAPL
2025-10-02 20:34:17,742 - ERROR - Error fetching GOOG: No price fetched for GOOG
2025-10-02 20:34:17,742 - ERROR - Error fetching MSFT: No price fetched for MSFT
2025-10-02 20:34:17,742 - ERROR - Error fetching GOLD/USD: No price fetched for GOLD/USD
2025-10-02 20:34:17,742 - ERROR - Error fetching SILVER/USD: No price fetched for SILVER/USD
2025-10-02 20:34:20,504 - ERROR - Error fetching BTC/USDT: 429 Client Error: Too Many Requests for url: https://api.coingecko.com/api/v3/simple/price?ids=btc&vs_currencies=usd
2025-10-02 20:34:21,326 - ERROR - Error fetching ETH/USDT: 429 Client Error: Too Many Requests for url: https://api.coingecko.com/api/v3/simple/price?ids=eth&vs_currencies=usd
2025-10-02 20:34:22,253 - ERROR - Error fetching SOL/USDT: 429 Client Error: Too Many Requests for url: https://api.coingecko.com/api/v3/simple/price?ids=sol&vs_currencies=usd
2025-10-02 20:34:22,253 - ERROR - Error fetching EUR/USD: No price fetched for EUR/USD
2025-10-02 20:34:22,254 - ERROR - Error fetching GBP/USD: No price fetched for GBP/USD
2025-10-02 20:34:22,254 - ERROR - Error fetching USD/JPY: No price fetched for USD/JPY
2025-10-02 20:34:22,254 - ERROR - Error fetching AAPL: No price fetched for AAPL
2025-10-02 20:34:22,254 - ERROR - Error fetching GOOG: No price fetched for GOOG
2025-10-02 20:34:22,254 - ERROR - Error fetching MSFT: No price fetched for MSFT
2025-10-02 20:34:22,254 - ERROR - Error fetching GOLD/USD: No price fetched for GOLD/USD
2025-10-02 20:34:22,254 - ERROR - Error fetching SILVER/USD: No price fetched for SILVER/USD
2025-10-02 20:34:26,969 - ERROR - Error fetching BTC/USDT: 429 Client Error: Too Many Requests for url: https://api.coingecko.com/api/v3/simple/price?ids=btc&vs_currencies=usd
2025-10-02 20:34:27,711 - ERROR - Error fetching ETH/USDT: 429 Client Error: Too Many Requests for url: https://api.coingecko.com/api/v3/simple/price?ids=eth&vs_currencies=usd
2025-10-02 20:34:28,596 - ERROR - Error fetching SOL/USDT: 429 Client Error: Too Many Requests for url: https://api.coingecko.com/api/v3/simple/price?ids=sol&vs_currencies=usd
2025-10-02 20:34:28,596 - ERROR - Error fetching EUR/USD: No price fetched for EUR/USD
2025-10-02 20:34:28,596 - ERROR - Error fetching GBP/USD: No price fetched for GBP/USD
2025-10-02 20:34:28,597 - ERROR - Error fetching USD/JPY: No price fetched for USD/JPY
2025-10-02 20:34:28,597 - ERROR - Error fetching AAPL: No price fetched for AAPL
2025-10-02 20:34:28,597 - ERROR - Error fetching GOOG: No price fetched for GOOG
2025-10-02 20:34:28,597 - ERROR - Error fetching MSFT: No price fetched for MSFT
2025-10-02 20:34:28,597 - ERROR - Error fetching GOLD/USD: No price fetched for GOLD/USD
2025-10-02 20:34:28,597 - ERROR - Error fetching SILVER/USD: No price fetched for SILVER/USD
2025-10-02 20:34:28,598 - ERROR - Error in iteration 4: No data fetched from APIs.
2025-10-02 20:35:28,602 - INFO - Iteration 5 start
2025-10-02 20:35:29,389 - ERROR - Error fetching BTC/USDT: No price fetched for BTC/USDT
2025-10-02 20:35:30,129 - ERROR - Error fetching ETH/USDT: No price fetched for ETH/USDT
2025-10-02 20:35:30,959 - ERROR - Error fetching SOL/USDT: No price fetched for SOL/USDT
2025-10-02 20:35:30,959 - ERROR - Error fetching EUR/USD: No price fetched for EUR/USD
2025-10-02 20:35:30,959 - ERROR - Error fetching GBP/USD: No price fetched for GBP/USD
2025-10-02 20:35:30,959 - ERROR - Error fetching USD/JPY: No price fetched for USD/JPY
2025-10-02 20:35:30,959 - ERROR - Error fetching AAPL: No price fetched for AAPL
2025-10-02 20:35:30,960 - ERROR - Error fetching GOOG: No price fetched for GOOG
2025-10-02 20:35:30,960 - ERROR - Error fetching MSFT: No price fetched for MSFT
2025-10-02 20:35:30,960 - ERROR - Error fetching GOLD/USD: No price fetched for GOLD/USD
2025-10-02 20:35:30,960 - ERROR - Error fetching SILVER/USD: No price fetched for SILVER/USD
2025-10-02 20:35:33,721 - ERROR - Error fetching BTC/USDT: No price fetched for BTC/USDT
2025-10-02 20:35:34,480 - ERROR - Error fetching ETH/USDT: No price fetched for ETH/USDT
2025-10-02 20:35:35,156 - ERROR - Error fetching SOL/USDT: 429 Client Error: Too Many Requests for url: https://api.coingecko.com/api/v3/simple/price?ids=sol&vs_currencies=usd
2025-10-02 20:35:35,157 - ERROR - Error fetching EUR/USD: No price fetched for EUR/USD
2025-10-02 20:35:35,157 - ERROR - Error fetching GBP/USD: No price fetched for GBP/USD
2025-10-02 20:35:35,157 - ERROR - Error fetching USD/JPY: No price fetched for USD/JPY
2025-10-02 20:35:35,157 - ERROR - Error fetching AAPL: No price fetched for AAPL
2025-10-02 20:35:35,157 - ERROR - Error fetching GOOG: No price fetched for GOOG
2025-10-02 20:35:35,157 - ERROR - Error fetching MSFT: No price fetched for MSFT
2025-10-02 20:35:35,158 - ERROR - Error fetching GOLD/USD: No price fetched for GOLD/USD
2025-10-02 20:35:35,158 - ERROR - Error fetching SILVER/USD: No price fetched for SILVER/USD
2025-10-02 20:35:39,968 - ERROR - Error fetching BTC/USDT: 429 Client Error: Too Many Requests for url: https://api.coingecko.com/api/v3/simple/price?ids=btc&vs_currencies=usd
2025-10-02 20:35:40,686 - ERROR - Error fetching ETH/USDT: 429 Client Error: Too Many Requests for url: https://api.coingecko.com/api/v3/simple/price?ids=eth&vs_currencies=usd
2025-10-02 20:35:41,505 - ERROR - Error fetching SOL/USDT: 429 Client Error: Too Many Requests for url: https://api.coingecko.com/api/v3/simple/price?ids=sol&vs_currencies=usd
2025-10-02 20:35:41,506 - ERROR - Error fetching EUR/USD: No price fetched for EUR/USD
2025-10-02 20:35:41,506 - ERROR - Error fetching GBP/USD: No price fetched for GBP/USD
2025-10-02 20:35:41,506 - ERROR - Error fetching USD/JPY: No price fetched for USD/JPY
2025-10-02 20:35:41,506 - ERROR - Error fetching AAPL: No price fetched for AAPL
2025-10-02 20:35:41,506 - ERROR - Error fetching GOOG: No price fetched for GOOG
2025-10-02 20:35:41,506 - ERROR - Error fetching MSFT: No price fetched for MSFT
2025-10-02 20:35:41,506 - ERROR - Error fetching GOLD/USD: No price fetched for GOLD/USD
2025-10-02 20:35:41,506 - ERROR - Error fetching SILVER/USD: No price fetched for SILVER/USD
2025-10-02 20:35:41,508 - ERROR - Error in iteration 5: No data fetched from APIs.
2025-10-02 21:00:04,666 - INFO - Loaded API keys from config/credentials.json
2025-10-02 21:00:04,666 - WARNING - Missing API keys: ['ALPHA_VANTAGE_KEY', 'FINNHUB_KEY', 'BINANCE_API_KEY', 'BINANCE_API_SECRET', 'MT5_PATH', 'OANDA_API_KEY', 'OANDA_ACCOUNT_ID']. Using alternatives.
2025-10-02 21:00:04,666 - INFO - API keys loaded; using alternatives where needed.
2025-10-02 21:00:04,666 - INFO - Loaded API keys from config/credentials.json
2025-10-02 21:00:04,666 - WARNING - Missing API keys: ['ALPHA_VANTAGE_KEY', 'FINNHUB_KEY', 'BINANCE_API_KEY', 'BINANCE_API_SECRET', 'MT5_PATH', 'OANDA_API_KEY', 'OANDA_ACCOUNT_ID']. Using alternatives.
