2025-10-13 22:36:22 W. Central Africa Standard Time - INFO - Telegram bot handlers set up
2025-10-13 22:36:22 W. Central Africa Standard Time - INFO - TelegramNotifier initialized
2025-10-13 22:36:23 W. Central Africa Standard Time - INFO - Telegram bot application initialized
2025-10-13 22:36:23 W. Central Africa Standard Time - INFO - Starting Telegram bot polling
2025-10-13 22:36:23 W. Central Africa Standard Time - INFO - Telegram bot polling started
2025-10-13 23:33:15 W. Central Africa Standard Time - INFO - Telegram bot handlers set up
2025-10-13 23:33:15 W. Central Africa Standard Time - INFO - TelegramNotifier initialized
2025-10-13 23:33:47 W. Central Africa Standard Time - INFO - Telegram bot handlers set up
2025-10-13 23:33:47 W. Central Africa Standard Time - INFO - TelegramNotifier initialized
2025-10-13 23:33:53 W. Central Africa Standard Time - INFO - Telegram bot handlers set up
2025-10-13 23:33:53 W. Central Africa Standard Time - INFO - Telegram bot handlers set up
2025-10-13 23:33:53 W. Central Africa Standard Time - INFO - TelegramNotifier initialized
2025-10-13 23:33:53 W. Central Africa Standard Time - INFO - TelegramNotifier initialized
2025-10-13 23:34:03 W. Central Africa Standard Time - INFO - Telegram bot handlers set up
2025-10-13 23:34:03 W. Central Africa Standard Time - INFO - TelegramNotifier initialized
2025-10-13 23:34:11 W. Central Africa Standard Time - INFO - Telegram bot handlers set up
2025-10-13 23:34:11 W. Central Africa Standard Time - INFO - TelegramNotifier initialized
2025-10-13 23:34:37 W. Central Africa Standard Time - INFO - Telegram bot handlers set up
2025-10-13 23:34:37 W. Central Africa Standard Time - INFO - TelegramNotifier initialized
2025-10-13 23:35:05 W. Central Africa Standard Time - INFO - Telegram bot handlers set up
2025-10-13 23:35:05 W. Central Africa Standard Time - INFO - TelegramNotifier initialized
2025-10-13 23:35:34 W. Central Africa Standard Time - INFO - Telegram bot handlers set up
2025-10-13 23:35:34 W. Central Africa Standard Time - INFO - TelegramNotifier initialized
2025-10-13 23:36:04 W. Central Africa Standard Time - INFO - Telegram bot handlers set up
2025-10-13 23:36:04 W. Central Africa Standard Time - INFO - TelegramNotifier initialized
2025-10-13 23:36:34 W. Central Africa Standard Time - INFO - Telegram bot handlers set up
2025-10-13 23:36:34 W. Central Africa Standard Time - INFO - TelegramNotifier initialized
2025-10-13 23:37:04 W. Central Africa Standard Time - INFO - Telegram bot handlers set up
2025-10-13 23:37:04 W. Central Africa Standard Time - INFO - TelegramNotifier initialized
2025-10-13 23:38:05 W. Central Africa Standard Time - INFO - Telegram bot handlers set up
2025-10-13 23:38:05 W. Central Africa Standard Time - INFO - TelegramNotifier initialized
2025-10-13 23:39:06 W. Central Africa Standard Time - INFO - Telegram bot handlers set up
2025-10-13 23:39:06 W. Central Africa Standard Time - INFO - TelegramNotifier initialized
2025-10-13 23:40:07 W. Central Africa Standard Time - INFO - Telegram bot handlers set up
2025-10-13 23:40:07 W. Central Africa Standard Time - INFO - TelegramNotifier initialized
2025-10-13 23:41:09 W. Central Africa Standard Time - INFO - Telegram bot handlers set up
2025-10-13 23:41:09 W. Central Africa Standard Time - INFO - TelegramNotifier initialized
2025-10-13 23:42:21 W. Central Africa Standard Time - INFO - Telegram bot handlers set up
2025-10-13 23:42:21 W. Central Africa Standard Time - INFO - TelegramNotifier initialized
2025-10-13 23:43:19 W. Central Africa Standard Time - INFO - Telegram bot handlers set up
2025-10-13 23:43:19 W. Central Africa Standard Time - INFO - TelegramNotifier initialized
2025-10-13 23:44:19 W. Central Africa Standard Time - INFO - Telegram bot handlers set up
2025-10-13 23:44:19 W. Central Africa Standard Time - INFO - TelegramNotifier initialized
2025-10-13 23:45:08 W. Central Africa Standard Time - INFO - Telegram bot handlers set up
2025-10-13 23:45:08 W. Central Africa Standard Time - INFO - TelegramNotifier initialized
2025-10-13 23:45:15 W. Central Africa Standard Time - INFO - Telegram bot handlers set up
2025-10-13 23:45:15 W. Central Africa Standard Time - INFO - TelegramNotifier initialized
2025-10-13 23:45:46 W. Central Africa Standard Time - INFO - Telegram bot handlers set up
2025-10-13 23:45:46 W. Central Africa Standard Time - INFO - TelegramNotifier initialized
2025-10-13 23:45:55 W. Central Africa Standard Time - INFO - Telegram bot handlers set up
2025-10-13 23:45:55 W. Central Africa Standard Time - INFO - TelegramNotifier initialized
2025-10-13 23:45:56 W. Central Africa Standard Time - INFO - Telegram bot handlers set up
2025-10-13 23:45:56 W. Central Africa Standard Time - INFO - TelegramNotifier initialized
2025-10-13 23:46:01 W. Central Africa Standard Time - INFO - Telegram bot handlers set up
2025-10-13 23:46:01 W. Central Africa Standard Time - INFO - TelegramNotifier initialized
2025-10-13 23:46:25 W. Central Africa Standard Time - INFO - Telegram bot handlers set up
2025-10-13 23:46:25 W. Central Africa Standard Time - INFO - TelegramNotifier initialized
2025-10-13 23:46:55 W. Central Africa Standard Time - INFO - Telegram bot handlers set up
2025-10-13 23:46:55 W. Central Africa Standard Time - INFO - TelegramNotifier initialized
2025-10-13 23:47:25 W. Central Africa Standard Time - INFO - Telegram bot handlers set up
2025-10-13 23:47:25 W. Central Africa Standard Time - INFO - TelegramNotifier initialized
2025-10-13 23:47:55 W. Central Africa Standard Time - INFO - Telegram bot handlers set up
2025-10-13 23:47:55 W. Central Africa Standard Time - INFO - TelegramNotifier initialized
2025-10-13 23:48:25 W. Central Africa Standard Time - INFO - Telegram bot handlers set up
2025-10-13 23:48:25 W. Central Africa Standard Time - INFO - TelegramNotifier initialized
2025-10-13 23:48:55 W. Central Africa Standard Time - INFO - Telegram bot handlers set up
2025-10-13 23:48:55 W. Central Africa Standard Time - INFO - TelegramNotifier initialized
2025-10-13 23:49:57 W. Central Africa Standard Time - INFO - Telegram bot handlers set up
2025-10-13 23:49:57 W. Central Africa Standard Time - INFO - TelegramNotifier initialized
2025-10-13 23:50:58 W. Central Africa Standard Time - INFO - Telegram bot handlers set up
2025-10-13 23:50:58 W. Central Africa Standard Time - INFO - TelegramNotifier initialized
2025-10-13 23:52:03 W. Central Africa Standard Time - INFO - Telegram bot handlers set up
2025-10-13 23:52:03 W. Central Africa Standard Time - INFO - TelegramNotifier initialized
2025-10-13 23:53:02 W. Central Africa Standard Time - INFO - Telegram bot handlers set up
2025-10-13 23:53:02 W. Central Africa Standard Time - INFO - TelegramNotifier initialized
2025-10-13 23:54:13 W. Central Africa Standard Time - INFO - Telegram bot handlers set up
2025-10-13 23:54:13 W. Central Africa Standard Time - INFO - TelegramNotifier initialized
2025-10-13 23:55:21 W. Central Africa Standard Time - INFO - Telegram bot handlers set up
2025-10-13 23:55:21 W. Central Africa Standard Time - INFO - TelegramNotifier initialized
2025-10-13 23:56:20 W. Central Africa Standard Time - INFO - Telegram bot handlers set up
2025-10-13 23:56:20 W. Central Africa Standard Time - INFO - TelegramNotifier initialized
2025-10-13 23:57:20 W. Central Africa Standard Time - INFO - Telegram bot handlers set up
2025-10-13 23:57:20 W. Central Africa Standard Time - INFO - TelegramNotifier initialized
2025-10-13 23:58:20 W. Central Africa Standard Time - INFO - Telegram bot handlers set up
2025-10-13 23:58:20 W. Central Africa Standard Time - INFO - TelegramNotifier initialized
2025-10-13 23:59:19 W. Central Africa Standard Time - INFO - Telegram bot handlers set up
2025-10-13 23:59:19 W. Central Africa Standard Time - INFO - TelegramNotifier initialized
2025-10-14 00:00:19 W. Central Africa Standard Time - INFO - Telegram bot handlers set up
2025-10-14 00:00:19 W. Central Africa Standard Time - INFO - TelegramNotifier initialized
2025-10-14 00:01:19 W. Central Africa Standard Time - INFO - Telegram bot handlers set up
2025-10-14 00:01:19 W. Central Africa Standard Time - INFO - TelegramNotifier initialized
2025-10-14 00:02:19 W. Central Africa Standard Time - INFO - Telegram bot handlers set up
2025-10-14 00:02:19 W. Central Africa Standard Time - INFO - TelegramNotifier initialized
2025-10-14 00:03:19 W. Central Africa Standard Time - INFO - Telegram bot handlers set up
2025-10-14 00:03:19 W. Central Africa Standard Time - INFO - TelegramNotifier initialized
2025-10-14 00:04:19 W. Central Africa Standard Time - INFO - Telegram bot handlers set up
2025-10-14 00:04:19 W. Central Africa Standard Time - INFO - TelegramNotifier initialized
2025-10-14 00:05:19 W. Central Africa Standard Time - INFO - Telegram bot handlers set up
2025-10-14 00:05:19 W. Central Africa Standard Time - INFO - TelegramNotifier initialized
2025-10-14 00:06:19 W. Central Africa Standard Time - INFO - Telegram bot handlers set up
2025-10-14 00:06:19 W. Central Africa Standard Time - INFO - TelegramNotifier initialized
2025-10-14 00:07:19 W. Central Africa Standard Time - INFO - Telegram bot handlers set up
2025-10-14 00:07:19 W. Central Africa Standard Time - INFO - TelegramNotifier initialized
2025-10-14 00:08:21 W. Central Africa Standard Time - INFO - Telegram bot handlers set up
2025-10-14 00:08:21 W. Central Africa Standard Time - INFO - TelegramNotifier initialized
2025-10-14 00:09:19 W. Central Africa Standard Time - INFO - Telegram bot handlers set up
2025-10-14 00:09:19 W. Central Africa Standard Time - INFO - TelegramNotifier initialized
2025-10-14 00:10:20 W. Central Africa Standard Time - INFO - Telegram bot handlers set up
2025-10-14 00:10:20 W. Central Africa Standard Time - INFO - TelegramNotifier initialized
2025-10-14 00:11:20 W. Central Africa Standard Time - INFO - Telegram bot handlers set up
2025-10-14 00:11:20 W. Central Africa Standard Time - INFO - TelegramNotifier initialized
2025-10-14 00:12:20 W. Central Africa Standard Time - INFO - Telegram bot handlers set up
2025-10-14 00:12:20 W. Central Africa Standard Time - INFO - TelegramNotifier initialized
2025-10-14 00:13:19 W. Central Africa Standard Time - INFO - Telegram bot handlers set up
2025-10-14 00:13:19 W. Central Africa Standard Time - INFO - TelegramNotifier initialized
2025-10-14 00:14:20 W. Central Africa Standard Time - INFO - Telegram bot handlers set up
2025-10-14 00:14:20 W. Central Africa Standard Time - INFO - TelegramNotifier initialized
2025-10-14 00:15:19 W. Central Africa Standard Time - INFO - Telegram bot handlers set up
2025-10-14 00:15:19 W. Central Africa Standard Time - INFO - TelegramNotifier initialized
2025-10-14 00:16:19 W. Central Africa Standard Time - INFO - Telegram bot handlers set up
2025-10-14 00:16:19 W. Central Africa Standard Time - INFO - TelegramNotifier initialized
2025-10-14 00:17:19 W. Central Africa Standard Time - INFO - Telegram bot handlers set up
2025-10-14 00:17:19 W. Central Africa Standard Time - INFO - TelegramNotifier initialized
2025-10-14 00:18:19 W. Central Africa Standard Time - INFO - Telegram bot handlers set up
2025-10-14 00:18:19 W. Central Africa Standard Time - INFO - TelegramNotifier initialized
2025-10-14 00:19:19 W. Central Africa Standard Time - INFO - Telegram bot handlers set up
2025-10-14 00:19:19 W. Central Africa Standard Time - INFO - TelegramNotifier initialized
2025-10-14 00:20:19 W. Central Africa Standard Time - INFO - Telegram bot handlers set up
2025-10-14 00:20:19 W. Central Africa Standard Time - INFO - TelegramNotifier initialized
2025-10-14 00:21:19 W. Central Africa Standard Time - INFO - Telegram bot handlers set up
2025-10-14 00:21:19 W. Central Africa Standard Time - INFO - TelegramNotifier initialized
2025-10-14 00:22:19 W. Central Africa Standard Time - INFO - Telegram bot handlers set up
2025-10-14 00:22:19 W. Central Africa Standard Time - INFO - TelegramNotifier initialized
2025-10-14 00:23:20 W. Central Africa Standard Time - INFO - Telegram bot handlers set up
2025-10-14 00:23:20 W. Central Africa Standard Time - INFO - TelegramNotifier initialized
2025-10-14 00:24:19 W. Central Africa Standard Time - INFO - Telegram bot handlers set up
2025-10-14 00:24:19 W. Central Africa Standard Time - INFO - TelegramNotifier initialized
2025-10-14 00:25:20 W. Central Africa Standard Time - INFO - Telegram bot handlers set up
2025-10-14 00:25:20 W. Central Africa Standard Time - INFO - TelegramNotifier initialized
2025-10-14 00:26:20 W. Central Africa Standard Time - INFO - Telegram bot handlers set up
2025-10-14 00:26:20 W. Central Africa Standard Time - INFO - TelegramNotifier initialized
2025-10-14 00:27:19 W. Central Africa Standard Time - INFO - Telegram bot handlers set up
2025-10-14 00:27:19 W. Central Africa Standard Time - INFO - TelegramNotifier initialized
2025-10-14 00:28:20 W. Central Africa Standard Time - INFO - Telegram bot handlers set up
2025-10-14 00:28:20 W. Central Africa Standard Time - INFO - TelegramNotifier initialized
2025-10-14 00:29:19 W. Central Africa Standard Time - INFO - Telegram bot handlers set up
2025-10-14 00:29:19 W. Central Africa Standard Time - INFO - TelegramNotifier initialized
2025-10-14 00:30:19 W. Central Africa Standard Time - INFO - Telegram bot handlers set up
2025-10-14 00:30:19 W. Central Africa Standard Time - INFO - TelegramNotifier initialized
2025-10-14 00:31:19 W. Central Africa Standard Time - INFO - Telegram bot handlers set up
2025-10-14 00:31:19 W. Central Africa Standard Time - INFO - TelegramNotifier initialized
2025-10-14 00:32:19 W. Central Africa Standard Time - INFO - Telegram bot handlers set up
2025-10-14 00:32:19 W. Central Africa Standard Time - INFO - TelegramNotifier initialized
2025-10-14 00:33:20 W. Central Africa Standard Time - INFO - Telegram bot handlers set up
2025-10-14 00:33:20 W. Central Africa Standard Time - INFO - TelegramNotifier initialized
2025-10-14 00:34:20 W. Central Africa Standard Time - INFO - Telegram bot handlers set up
2025-10-14 00:34:20 W. Central Africa Standard Time - INFO - TelegramNotifier initialized
2025-10-14 00:35:20 W. Central Africa Standard Time - INFO - Telegram bot handlers set up
2025-10-14 00:35:20 W. Central Africa Standard Time - INFO - TelegramNotifier initialized
2025-10-14 00:36:20 W. Central Africa Standard Time - INFO - Telegram bot handlers set up
2025-10-14 00:36:20 W. Central Africa Standard Time - INFO - TelegramNotifier initialized
2025-10-14 00:37:21 W. Central Africa Standard Time - INFO - Telegram bot handlers set up
2025-10-14 00:37:21 W. Central Africa Standard Time - INFO - TelegramNotifier initialized
2025-10-14 00:38:20 W. Central Africa Standard Time - INFO - Telegram bot handlers set up
2025-10-14 00:38:20 W. Central Africa Standard Time - INFO - TelegramNotifier initialized
2025-10-14 00:39:20 W. Central Africa Standard Time - INFO - Telegram bot handlers set up
2025-10-14 00:39:20 W. Central Africa Standard Time - INFO - TelegramNotifier initialized
2025-10-14 00:40:19 W. Central Africa Standard Time - INFO - Telegram bot handlers set up
2025-10-14 00:40:19 W. Central Africa Standard Time - INFO - TelegramNotifier initialized
2025-10-14 00:41:20 W. Central Africa Standard Time - INFO - Telegram bot handlers set up
2025-10-14 00:41:20 W. Central Africa Standard Time - INFO - TelegramNotifier initialized
2025-10-14 00:42:19 W. Central Africa Standard Time - INFO - Telegram bot handlers set up
2025-10-14 00:42:19 W. Central Africa Standard Time - INFO - TelegramNotifier initialized
2025-10-14 00:43:20 W. Central Africa Standard Time - INFO - Telegram bot handlers set up
2025-10-14 00:43:20 W. Central Africa Standard Time - INFO - TelegramNotifier initialized
2025-10-14 00:44:20 W. Central Africa Standard Time - INFO - Telegram bot handlers set up
2025-10-14 00:44:20 W. Central Africa Standard Time - INFO - TelegramNotifier initialized
2025-10-14 00:45:19 W. Central Africa Standard Time - INFO - Telegram bot handlers set up
2025-10-14 00:45:19 W. Central Africa Standard Time - INFO - TelegramNotifier initialized
2025-10-14 00:46:20 W. Central Africa Standard Time - INFO - Telegram bot handlers set up
2025-10-14 00:46:20 W. Central Africa Standard Time - INFO - TelegramNotifier initialized
2025-10-14 00:47:19 W. Central Africa Standard Time - INFO - Telegram bot handlers set up
2025-10-14 00:47:19 W. Central Africa Standard Time - INFO - TelegramNotifier initialized
2025-10-14 00:48:19 W. Central Africa Standard Time - INFO - Telegram bot handlers set up
2025-10-14 00:48:19 W. Central Africa Standard Time - INFO - TelegramNotifier initialized
2025-10-14 00:49:19 W. Central Africa Standard Time - INFO - Telegram bot handlers set up
2025-10-14 00:49:19 W. Central Africa Standard Time - INFO - TelegramNotifier initialized
2025-10-14 00:50:19 W. Central Africa Standard Time - INFO - Telegram bot handlers set up
2025-10-14 00:50:19 W. Central Africa Standard Time - INFO - TelegramNotifier initialized
2025-10-14 00:51:19 W. Central Africa Standard Time - INFO - Telegram bot handlers set up
2025-10-14 00:51:19 W. Central Africa Standard Time - INFO - TelegramNotifier initialized
2025-10-14 00:52:19 W. Central Africa Standard Time - INFO - Telegram bot handlers set up
2025-10-14 00:52:19 W. Central Africa Standard Time - INFO - TelegramNotifier initialized
2025-10-14 00:53:19 W. Central Africa Standard Time - INFO - Telegram bot handlers set up
2025-10-14 00:53:19 W. Central Africa Standard Time - INFO - TelegramNotifier initialized
2025-10-14 00:54:20 W. Central Africa Standard Time - INFO - Telegram bot handlers set up
2025-10-14 00:54:20 W. Central Africa Standard Time - INFO - TelegramNotifier initialized
2025-10-14 00:55:19 W. Central Africa Standard Time - INFO - Telegram bot handlers set up
2025-10-14 00:55:19 W. Central Africa Standard Time - INFO - TelegramNotifier initialized
2025-10-14 00:56:20 W. Central Africa Standard Time - INFO - Telegram bot handlers set up
2025-10-14 00:56:20 W. Central Africa Standard Time - INFO - TelegramNotifier initialized
2025-10-14 00:57:20 W. Central Africa Standard Time - INFO - Telegram bot handlers set up
2025-10-14 00:57:20 W. Central Africa Standard Time - INFO - TelegramNotifier initialized
2025-10-14 00:58:20 W. Central Africa Standard Time - INFO - Telegram bot handlers set up
2025-10-14 00:58:20 W. Central Africa Standard Time - INFO - TelegramNotifier initialized
2025-10-14 00:59:19 W. Central Africa Standard Time - INFO - Telegram bot handlers set up
2025-10-14 00:59:19 W. Central Africa Standard Time - INFO - TelegramNotifier initialized
2025-10-14 01:00:19 W. Central Africa Standard Time - INFO - Telegram bot handlers set up
2025-10-14 01:00:19 W. Central Africa Standard Time - INFO - TelegramNotifier initialized
2025-10-14 01:01:19 W. Central Africa Standard Time - INFO - Telegram bot handlers set up
2025-10-14 01:01:19 W. Central Africa Standard Time - INFO - TelegramNotifier initialized
2025-10-14 01:02:19 W. Central Africa Standard Time - INFO - Telegram bot handlers set up
2025-10-14 01:02:19 W. Central Africa Standard Time - INFO - TelegramNotifier initialized
2025-10-14 01:03:19 W. Central Africa Standard Time - INFO - Telegram bot handlers set up
2025-10-14 01:03:19 W. Central Africa Standard Time - INFO - TelegramNotifier initialized
2025-10-14 01:04:20 W. Central Africa Standard Time - INFO - Telegram bot handlers set up
2025-10-14 01:04:20 W. Central Africa Standard Time - INFO - TelegramNotifier initialized
2025-10-14 01:04:39 W. Central Africa Standard Time - INFO - Telegram bot handlers set up
2025-10-14 01:04:39 W. Central Africa Standard Time - INFO - TelegramNotifier initialized
2025-10-14 01:04:55 W. Central Africa Standard Time - INFO - Telegram bot handlers set up
2025-10-14 01:04:55 W. Central Africa Standard Time - INFO - TelegramNotifier initialized
2025-10-14 01:05:22 W. Central Africa Standard Time - INFO - Telegram bot handlers set up
2025-10-14 01:05:22 W. Central Africa Standard Time - INFO - TelegramNotifier initialized
2025-10-14 01:05:23 W. Central Africa Standard Time - INFO - Telegram bot handlers set up
2025-10-14 01:05:23 W. Central Africa Standard Time - INFO - TelegramNotifier initialized
2025-10-14 01:05:24 W. Central Africa Standard Time - INFO - Telegram bot handlers set up
2025-10-14 01:05:24 W. Central Africa Standard Time - INFO - TelegramNotifier initialized
2025-10-14 01:05:27 W. Central Africa Standard Time - INFO - Telegram bot handlers set up
2025-10-14 01:05:27 W. Central Africa Standard Time - INFO - TelegramNotifier initialized
2025-10-14 01:05:55 W. Central Africa Standard Time - INFO - Telegram bot handlers set up
2025-10-14 01:05:55 W. Central Africa Standard Time - INFO - TelegramNotifier initialized
2025-10-14 01:06:25 W. Central Africa Standard Time - INFO - Telegram bot handlers set up
2025-10-14 01:06:25 W. Central Africa Standard Time - INFO - TelegramNotifier initialized
2025-10-14 01:07:19 W. Central Africa Standard Time - INFO - Telegram bot handlers set up
2025-10-14 01:07:19 W. Central Africa Standard Time - INFO - TelegramNotifier initialized
2025-10-14 01:08:19 W. Central Africa Standard Time - INFO - Telegram bot handlers set up
2025-10-14 01:08:19 W. Central Africa Standard Time - INFO - TelegramNotifier initialized
2025-10-14 01:09:19 W. Central Africa Standard Time - INFO - Telegram bot handlers set up
2025-10-14 01:09:19 W. Central Africa Standard Time - INFO - TelegramNotifier initialized
2025-10-14 01:10:19 W. Central Africa Standard Time - INFO - Telegram bot handlers set up
2025-10-14 01:10:19 W. Central Africa Standard Time - INFO - TelegramNotifier initialized
2025-10-14 01:10:34 W. Central Africa Standard Time - INFO - Telegram bot handlers set up
2025-10-14 01:10:34 W. Central Africa Standard Time - INFO - TelegramNotifier initialized
2025-10-14 01:10:41 W. Central Africa Standard Time - INFO - Telegram bot handlers set up
2025-10-14 01:10:41 W. Central Africa Standard Time - INFO - TelegramNotifier initialized
2025-10-14 01:10:42 W. Central Africa Standard Time - INFO - Telegram bot handlers set up
2025-10-14 01:10:42 W. Central Africa Standard Time - INFO - TelegramNotifier initialized
2025-10-14 01:10:54 W. Central Africa Standard Time - INFO - Telegram bot handlers set up
2025-10-14 01:10:54 W. Central Africa Standard Time - INFO - TelegramNotifier initialized
2025-10-14 01:11:25 W. Central Africa Standard Time - INFO - Telegram bot handlers set up
2025-10-14 01:11:25 W. Central Africa Standard Time - INFO - TelegramNotifier initialized
2025-10-14 01:11:55 W. Central Africa Standard Time - INFO - Telegram bot handlers set up
2025-10-14 01:11:55 W. Central Africa Standard Time - INFO - TelegramNotifier initialized
2025-10-14 01:12:56 W. Central Africa Standard Time - INFO - Telegram bot handlers set up
2025-10-14 01:12:56 W. Central Africa Standard Time - INFO - TelegramNotifier initialized
2025-10-14 01:13:57 W. Central Africa Standard Time - INFO - Telegram bot handlers set up
2025-10-14 01:13:57 W. Central Africa Standard Time - INFO - TelegramNotifier initialized
2025-10-14 01:14:21 W. Central Africa Standard Time - INFO - Telegram bot handlers set up
2025-10-14 01:14:21 W. Central Africa Standard Time - INFO - TelegramNotifier initialized
2025-10-14 01:14:24 W. Central Africa Standard Time - INFO - Telegram bot handlers set up
2025-10-14 01:14:24 W. Central Africa Standard Time - INFO - TelegramNotifier initialized
2025-10-14 01:14:27 W. Central Africa Standard Time - INFO - Telegram bot handlers set up
2025-10-14 01:14:27 W. Central Africa Standard Time - INFO - TelegramNotifier initialized
2025-10-14 01:14:55 W. Central Africa Standard Time - INFO - Telegram bot handlers set up
2025-10-14 01:14:55 W. Central Africa Standard Time - INFO - TelegramNotifier initialized
2025-10-14 01:15:25 W. Central Africa Standard Time - INFO - Telegram bot handlers set up
2025-10-14 01:15:25 W. Central Africa Standard Time - INFO - TelegramNotifier initialized
2025-10-14 01:16:19 W. Central Africa Standard Time - INFO - Telegram bot handlers set up
2025-10-14 01:16:19 W. Central Africa Standard Time - INFO - TelegramNotifier initialized
2025-10-14 01:17:19 W. Central Africa Standard Time - INFO - Telegram bot handlers set up
2025-10-14 01:17:19 W. Central Africa Standard Time - INFO - TelegramNotifier initialized
2025-10-14 01:18:19 W. Central Africa Standard Time - INFO - Telegram bot handlers set up
2025-10-14 01:18:19 W. Central Africa Standard Time - INFO - TelegramNotifier initialized
2025-10-14 01:19:19 W. Central Africa Standard Time - INFO - Telegram bot handlers set up
2025-10-14 01:19:19 W. Central Africa Standard Time - INFO - TelegramNotifier initialized
2025-10-14 01:20:19 W. Central Africa Standard Time - INFO - Telegram bot handlers set up
2025-10-14 01:20:19 W. Central Africa Standard Time - INFO - TelegramNotifier initialized
2025-10-14 01:25:02 W. Central Africa Standard Time - INFO - Telegram bot handlers set up
2025-10-14 01:25:02 W. Central Africa Standard Time - INFO - TelegramNotifier initialized
2025-10-14 01:25:31 W. Central Africa Standard Time - INFO - Telegram bot handlers set up
2025-10-14 01:25:31 W. Central Africa Standard Time - INFO - TelegramNotifier initialized
2025-10-14 01:26:01 W. Central Africa Standard Time - INFO - Telegram bot handlers set up
2025-10-14 01:26:01 W. Central Africa Standard Time - INFO - TelegramNotifier initialized
2025-10-14 01:26:31 W. Central Africa Standard Time - INFO - Telegram bot handlers set up
2025-10-14 01:26:31 W. Central Africa Standard Time - INFO - TelegramNotifier initialized
2025-10-14 01:27:01 W. Central Africa Standard Time - INFO - Telegram bot handlers set up
2025-10-14 01:27:01 W. Central Africa Standard Time - INFO - TelegramNotifier initialized
2025-10-14 01:27:31 W. Central Africa Standard Time - INFO - Telegram bot handlers set up
2025-10-14 01:27:31 W. Central Africa Standard Time - INFO - TelegramNotifier initialized
2025-10-14 01:28:01 W. Central Africa Standard Time - INFO - Telegram bot handlers set up
2025-10-14 01:28:01 W. Central Africa Standard Time - INFO - TelegramNotifier initialized
2025-10-14 01:29:02 W. Central Africa Standard Time - INFO - Telegram bot handlers set up
2025-10-14 01:29:02 W. Central Africa Standard Time - INFO - TelegramNotifier initialized
2025-10-14 01:30:03 W. Central Africa Standard Time - INFO - Telegram bot handlers set up
2025-10-14 01:30:03 W. Central Africa Standard Time - INFO - TelegramNotifier initialized
2025-10-14 01:31:04 W. Central Africa Standard Time - INFO - Telegram bot handlers set up
2025-10-14 01:31:04 W. Central Africa Standard Time - INFO - TelegramNotifier initialized
2025-10-14 01:32:05 W. Central Africa Standard Time - INFO - Telegram bot handlers set up
2025-10-14 01:32:05 W. Central Africa Standard Time - INFO - TelegramNotifier initialized
2025-10-14 01:33:07 W. Central Africa Standard Time - INFO - Telegram bot handlers set up
2025-10-14 01:33:07 W. Central Africa Standard Time - INFO - TelegramNotifier initialized
2025-10-14 01:34:07 W. Central Africa Standard Time - INFO - Telegram bot handlers set up
2025-10-14 01:34:07 W. Central Africa Standard Time - INFO - TelegramNotifier initialized
2025-10-14 01:35:08 W. Central Africa Standard Time - INFO - Telegram bot handlers set up
2025-10-14 01:35:08 W. Central Africa Standard Time - INFO - TelegramNotifier initialized
2025-10-14 01:36:09 W. Central Africa Standard Time - INFO - Telegram bot handlers set up
2025-10-14 01:36:09 W. Central Africa Standard Time - INFO - TelegramNotifier initialized
2025-10-14 01:37:10 W. Central Africa Standard Time - INFO - Telegram bot handlers set up
2025-10-14 01:37:10 W. Central Africa Standard Time - INFO - TelegramNotifier initialized
2025-10-14 01:38:11 W. Central Africa Standard Time - INFO - Telegram bot handlers set up
2025-10-14 01:38:11 W. Central Africa Standard Time - INFO - TelegramNotifier initialized
2025-10-14 01:39:12 W. Central Africa Standard Time - INFO - Telegram bot handlers set up
2025-10-14 01:39:12 W. Central Africa Standard Time - INFO - TelegramNotifier initialized
2025-10-14 01:40:13 W. Central Africa Standard Time - INFO - Telegram bot handlers set up
2025-10-14 01:40:13 W. Central Africa Standard Time - INFO - TelegramNotifier initialized
2025-10-14 01:41:15 W. Central Africa Standard Time - INFO - Telegram bot handlers set up
2025-10-14 01:41:15 W. Central Africa Standard Time - INFO - TelegramNotifier initialized
2025-10-14 01:42:15 W. Central Africa Standard Time - INFO - Telegram bot handlers set up
2025-10-14 01:42:15 W. Central Africa Standard Time - INFO - TelegramNotifier initialized
2025-10-14 01:43:17 W. Central Africa Standard Time - INFO - Telegram bot handlers set up
2025-10-14 01:43:17 W. Central Africa Standard Time - INFO - TelegramNotifier initialized
2025-10-14 01:44:18 W. Central Africa Standard Time - INFO - Telegram bot handlers set up
2025-10-14 01:44:18 W. Central Africa Standard Time - INFO - TelegramNotifier initialized
2025-10-14 01:45:18 W. Central Africa Standard Time - INFO - Telegram bot handlers set up
2025-10-14 01:45:18 W. Central Africa Standard Time - INFO - TelegramNotifier initialized
2025-10-14 01:46:19 W. Central Africa Standard Time - INFO - Telegram bot handlers set up
2025-10-14 01:46:19 W. Central Africa Standard Time - INFO - TelegramNotifier initialized
2025-10-14 01:47:19 W. Central Africa Standard Time - INFO - Telegram bot handlers set up
2025-10-14 01:47:19 W. Central Africa Standard Time - INFO - TelegramNotifier initialized
2025-10-14 01:48:19 W. Central Africa Standard Time - INFO - Telegram bot handlers set up
2025-10-14 01:48:19 W. Central Africa Standard Time - INFO - TelegramNotifier initialized
2025-10-14 01:49:19 W. Central Africa Standard Time - INFO - Telegram bot handlers set up
2025-10-14 01:49:19 W. Central Africa Standard Time - INFO - TelegramNotifier initialized
2025-10-14 01:50:20 W. Central Africa Standard Time - INFO - Telegram bot handlers set up
2025-10-14 01:50:20 W. Central Africa Standard Time - INFO - TelegramNotifier initialized
2025-10-14 01:51:19 W. Central Africa Standard Time - INFO - Telegram bot handlers set up
2025-10-14 01:51:19 W. Central Africa Standard Time - INFO - TelegramNotifier initialized
2025-10-14 01:52:19 W. Central Africa Standard Time - INFO - Telegram bot handlers set up
2025-10-14 01:52:19 W. Central Africa Standard Time - INFO - TelegramNotifier initialized
2025-10-14 01:53:19 W. Central Africa Standard Time - INFO - Telegram bot handlers set up
2025-10-14 01:53:19 W. Central Africa Standard Time - INFO - TelegramNotifier initialized
2025-10-14 01:54:19 W. Central Africa Standard Time - INFO - Telegram bot handlers set up
2025-10-14 01:54:19 W. Central Africa Standard Time - INFO - TelegramNotifier initialized
2025-10-14 02:06:36 W. Central Africa Standard Time - INFO - Telegram bot handlers set up
2025-10-14 02:06:36 W. Central Africa Standard Time - INFO - TelegramNotifier initialized
2025-10-14 02:07:05 W. Central Africa Standard Time - INFO - Telegram bot handlers set up
2025-10-14 02:07:05 W. Central Africa Standard Time - INFO - TelegramNotifier initialized
2025-10-14 02:07:35 W. Central Africa Standard Time - INFO - Telegram bot handlers set up
2025-10-14 02:07:35 W. Central Africa Standard Time - INFO - TelegramNotifier initialized
2025-10-14 02:08:05 W. Central Africa Standard Time - INFO - Telegram bot handlers set up
2025-10-14 02:08:05 W. Central Africa Standard Time - INFO - TelegramNotifier initialized
2025-10-14 02:08:35 W. Central Africa Standard Time - INFO - Telegram bot handlers set up
2025-10-14 02:08:35 W. Central Africa Standard Time - INFO - TelegramNotifier initialized
2025-10-14 02:09:05 W. Central Africa Standard Time - INFO - Telegram bot handlers set up
2025-10-14 02:09:05 W. Central Africa Standard Time - INFO - TelegramNotifier initialized
2025-10-14 02:09:35 W. Central Africa Standard Time - INFO - Telegram bot handlers set up
2025-10-14 02:09:35 W. Central Africa Standard Time - INFO - TelegramNotifier initialized
2025-10-14 02:10:19 W. Central Africa Standard Time - INFO - Telegram bot handlers set up
2025-10-14 02:10:19 W. Central Africa Standard Time - INFO - TelegramNotifier initialized
2025-10-14 02:11:10 W. Central Africa Standard Time - INFO - Telegram bot handlers set up
2025-10-14 02:11:10 W. Central Africa Standard Time - INFO - TelegramNotifier initialized
2025-10-14 02:11:15 W. Central Africa Standard Time - INFO - Telegram bot handlers set up
2025-10-14 02:11:15 W. Central Africa Standard Time - INFO - TelegramNotifier initialized
2025-10-14 02:11:35 W. Central Africa Standard Time - INFO - Telegram bot handlers set up
2025-10-14 02:11:35 W. Central Africa Standard Time - INFO - TelegramNotifier initialized
2025-10-14 02:12:05 W. Central Africa Standard Time - INFO - Telegram bot handlers set up
2025-10-14 02:12:05 W. Central Africa Standard Time - INFO - TelegramNotifier initialized
2025-10-14 02:13:06 W. Central Africa Standard Time - INFO - Telegram bot handlers set up
2025-10-14 02:13:06 W. Central Africa Standard Time - INFO - TelegramNotifier initialized
2025-10-14 02:14:08 W. Central Africa Standard Time - INFO - Telegram bot handlers set up
2025-10-14 02:14:08 W. Central Africa Standard Time - INFO - TelegramNotifier initialized
2025-10-14 02:15:08 W. Central Africa Standard Time - INFO - Telegram bot handlers set up
2025-10-14 02:15:08 W. Central Africa Standard Time - INFO - TelegramNotifier initialized
2025-10-14 02:16:09 W. Central Africa Standard Time - INFO - Telegram bot handlers set up
2025-10-14 02:16:09 W. Central Africa Standard Time - INFO - TelegramNotifier initialized
2025-10-14 02:17:10 W. Central Africa Standard Time - INFO - Telegram bot handlers set up
2025-10-14 02:17:10 W. Central Africa Standard Time - INFO - TelegramNotifier initialized
2025-10-14 02:18:11 W. Central Africa Standard Time - INFO - Telegram bot handlers set up
2025-10-14 02:18:11 W. Central Africa Standard Time - INFO - TelegramNotifier initialized
2025-10-14 02:19:12 W. Central Africa Standard Time - INFO - Telegram bot handlers set up
2025-10-14 02:19:12 W. Central Africa Standard Time - INFO - TelegramNotifier initialized
2025-10-14 02:20:13 W. Central Africa Standard Time - INFO - Telegram bot handlers set up
2025-10-14 02:20:13 W. Central Africa Standard Time - INFO - TelegramNotifier initialized
2025-10-14 02:21:14 W. Central Africa Standard Time - INFO - Telegram bot handlers set up
2025-10-14 02:21:14 W. Central Africa Standard Time - INFO - TelegramNotifier initialized
2025-10-14 02:22:15 W. Central Africa Standard Time - INFO - Telegram bot handlers set up
2025-10-14 02:22:15 W. Central Africa Standard Time - INFO - TelegramNotifier initialized
2025-10-14 02:23:16 W. Central Africa Standard Time - INFO - Telegram bot handlers set up
2025-10-14 02:23:16 W. Central Africa Standard Time - INFO - TelegramNotifier initialized
2025-10-14 02:24:17 W. Central Africa Standard Time - INFO - Telegram bot handlers set up
2025-10-14 02:24:17 W. Central Africa Standard Time - INFO - TelegramNotifier initialized
2025-10-14 02:25:18 W. Central Africa Standard Time - INFO - Telegram bot handlers set up
2025-10-14 02:25:18 W. Central Africa Standard Time - INFO - TelegramNotifier initialized
2025-10-14 02:26:19 W. Central Africa Standard Time - INFO - Telegram bot handlers set up
2025-10-14 02:26:19 W. Central Africa Standard Time - INFO - TelegramNotifier initialized
2025-10-14 02:27:19 W. Central Africa Standard Time - INFO - Telegram bot handlers set up
2025-10-14 02:27:19 W. Central Africa Standard Time - INFO - TelegramNotifier initialized
2025-10-14 02:28:19 W. Central Africa Standard Time - INFO - Telegram bot handlers set up
2025-10-14 02:28:19 W. Central Africa Standard Time - INFO - TelegramNotifier initialized
2025-10-14 02:29:19 W. Central Africa Standard Time - INFO - Telegram bot handlers set up
2025-10-14 02:29:19 W. Central Africa Standard Time - INFO - TelegramNotifier initialized
2025-10-14 02:30:19 W. Central Africa Standard Time - INFO - Telegram bot handlers set up
2025-10-14 02:30:19 W. Central Africa Standard Time - INFO - TelegramNotifier initialized
2025-10-14 02:31:19 W. Central Africa Standard Time - INFO - Telegram bot handlers set up
2025-10-14 02:31:19 W. Central Africa Standard Time - INFO - TelegramNotifier initialized
2025-10-14 02:32:07 W. Central Africa Standard Time - INFO - Telegram bot handlers set up
2025-10-14 02:32:07 W. Central Africa Standard Time - INFO - TelegramNotifier initialized
2025-10-14 02:32:37 W. Central Africa Standard Time - INFO - Telegram bot handlers set up
2025-10-14 02:32:37 W. Central Africa Standard Time - INFO - TelegramNotifier initialized
2025-10-14 02:33:07 W. Central Africa Standard Time - INFO - Telegram bot handlers set up
2025-10-14 02:33:07 W. Central Africa Standard Time - INFO - TelegramNotifier initialized
2025-10-14 02:33:37 W. Central Africa Standard Time - INFO - Telegram bot handlers set up
2025-10-14 02:33:37 W. Central Africa Standard Time - INFO - TelegramNotifier initialized
2025-10-14 02:34:07 W. Central Africa Standard Time - INFO - Telegram bot handlers set up
2025-10-14 02:34:07 W. Central Africa Standard Time - INFO - TelegramNotifier initialized
2025-10-14 02:34:37 W. Central Africa Standard Time - INFO - Telegram bot handlers set up
2025-10-14 02:34:37 W. Central Africa Standard Time - INFO - TelegramNotifier initialized
2025-10-14 02:35:07 W. Central Africa Standard Time - INFO - Telegram bot handlers set up
2025-10-14 02:35:07 W. Central Africa Standard Time - INFO - TelegramNotifier initialized
2025-10-14 02:36:08 W. Central Africa Standard Time - INFO - Telegram bot handlers set up
2025-10-14 02:36:08 W. Central Africa Standard Time - INFO - TelegramNotifier initialized
2025-10-14 02:37:09 W. Central Africa Standard Time - INFO - Telegram bot handlers set up
2025-10-14 02:37:09 W. Central Africa Standard Time - INFO - TelegramNotifier initialized
2025-10-14 02:38:10 W. Central Africa Standard Time - INFO - Telegram bot handlers set up
2025-10-14 02:38:10 W. Central Africa Standard Time - INFO - TelegramNotifier initialized
2025-10-14 02:39:11 W. Central Africa Standard Time - INFO - Telegram bot handlers set up
2025-10-14 02:39:11 W. Central Africa Standard Time - INFO - TelegramNotifier initialized
2025-10-14 02:40:12 W. Central Africa Standard Time - INFO - Telegram bot handlers set up
2025-10-14 02:40:12 W. Central Africa Standard Time - INFO - TelegramNotifier initialized
2025-10-14 02:41:13 W. Central Africa Standard Time - INFO - Telegram bot handlers set up
2025-10-14 02:41:13 W. Central Africa Standard Time - INFO - TelegramNotifier initialized
2025-10-14 02:42:14 W. Central Africa Standard Time - INFO - Telegram bot handlers set up
2025-10-14 02:42:14 W. Central Africa Standard Time - INFO - TelegramNotifier initialized
2025-10-14 02:43:15 W. Central Africa Standard Time - INFO - Telegram bot handlers set up
2025-10-14 02:43:15 W. Central Africa Standard Time - INFO - TelegramNotifier initialized
2025-10-14 02:44:16 W. Central Africa Standard Time - INFO - Telegram bot handlers set up
2025-10-14 02:44:16 W. Central Africa Standard Time - INFO - TelegramNotifier initialized
2025-10-14 02:45:17 W. Central Africa Standard Time - INFO - Telegram bot handlers set up
2025-10-14 02:45:17 W. Central Africa Standard Time - INFO - TelegramNotifier initialized
2025-10-14 02:46:18 W. Central Africa Standard Time - INFO - Telegram bot handlers set up
2025-10-14 02:46:18 W. Central Africa Standard Time - INFO - TelegramNotifier initialized
2025-10-14 02:47:20 W. Central Africa Standard Time - INFO - Telegram bot handlers set up
2025-10-14 02:47:20 W. Central Africa Standard Time - INFO - TelegramNotifier initialized
2025-10-14 02:48:20 W. Central Africa Standard Time - INFO - Telegram bot handlers set up
2025-10-14 02:48:20 W. Central Africa Standard Time - INFO - TelegramNotifier initialized
2025-10-14 02:49:20 W. Central Africa Standard Time - INFO - Telegram bot handlers set up
2025-10-14 02:49:20 W. Central Africa Standard Time - INFO - TelegramNotifier initialized
2025-10-14 02:50:19 W. Central Africa Standard Time - INFO - Telegram bot handlers set up
2025-10-14 02:50:19 W. Central Africa Standard Time - INFO - TelegramNotifier initialized
2025-10-14 02:51:19 W. Central Africa Standard Time - INFO - Telegram bot handlers set up
2025-10-14 02:51:19 W. Central Africa Standard Time - INFO - TelegramNotifier initialized
2025-10-14 02:52:20 W. Central Africa Standard Time - INFO - Telegram bot handlers set up
2025-10-14 02:52:20 W. Central Africa Standard Time - INFO - TelegramNotifier initialized
2025-10-14 02:53:19 W. Central Africa Standard Time - INFO - Telegram bot handlers set up
2025-10-14 02:53:19 W. Central Africa Standard Time - INFO - TelegramNotifier initialized
2025-10-14 02:54:19 W. Central Africa Standard Time - INFO - Telegram bot handlers set up
2025-10-14 02:54:19 W. Central Africa Standard Time - INFO - TelegramNotifier initialized
2025-10-14 02:55:20 W. Central Africa Standard Time - INFO - Telegram bot handlers set up
2025-10-14 02:55:20 W. Central Africa Standard Time - INFO - TelegramNotifier initialized
2025-10-14 02:56:19 W. Central Africa Standard Time - INFO - Telegram bot handlers set up
2025-10-14 02:56:19 W. Central Africa Standard Time - INFO - TelegramNotifier initialized
2025-10-14 02:57:19 W. Central Africa Standard Time - INFO - Telegram bot handlers set up
2025-10-14 02:57:19 W. Central Africa Standard Time - INFO - TelegramNotifier initialized
2025-10-14 02:58:19 W. Central Africa Standard Time - INFO - Telegram bot handlers set up
2025-10-14 02:58:19 W. Central Africa Standard Time - INFO - TelegramNotifier initialized
2025-10-14 02:59:19 W. Central Africa Standard Time - INFO - Telegram bot handlers set up
2025-10-14 02:59:19 W. Central Africa Standard Time - INFO - TelegramNotifier initialized
2025-10-14 03:00:20 W. Central Africa Standard Time - INFO - Telegram bot handlers set up
2025-10-14 03:00:20 W. Central Africa Standard Time - INFO - TelegramNotifier initialized
2025-10-14 03:01:19 W. Central Africa Standard Time - INFO - Telegram bot handlers set up
2025-10-14 03:01:19 W. Central Africa Standard Time - INFO - TelegramNotifier initialized
2025-10-14 03:02:19 W. Central Africa Standard Time - INFO - Telegram bot handlers set up
2025-10-14 03:02:19 W. Central Africa Standard Time - INFO - TelegramNotifier initialized
2025-10-14 03:03:19 W. Central Africa Standard Time - INFO - Telegram bot handlers set up
2025-10-14 03:03:19 W. Central Africa Standard Time - INFO - TelegramNotifier initialized
2025-10-14 03:04:20 W. Central Africa Standard Time - INFO - Telegram bot handlers set up
2025-10-14 03:04:20 W. Central Africa Standard Time - INFO - TelegramNotifier initialized
2025-10-14 03:05:19 W. Central Africa Standard Time - INFO - Telegram bot handlers set up
2025-10-14 03:05:19 W. Central Africa Standard Time - INFO - TelegramNotifier initialized
2025-10-14 03:06:20 W. Central Africa Standard Time - INFO - Telegram bot handlers set up
2025-10-14 03:06:20 W. Central Africa Standard Time - INFO - TelegramNotifier initialized
2025-10-14 03:07:20 W. Central Africa Standard Time - INFO - Telegram bot handlers set up
2025-10-14 03:07:20 W. Central Africa Standard Time - INFO - TelegramNotifier initialized
2025-10-14 03:08:20 W. Central Africa Standard Time - INFO - Telegram bot handlers set up
2025-10-14 03:08:20 W. Central Africa Standard Time - INFO - TelegramNotifier initialized
2025-10-14 03:09:19 W. Central Africa Standard Time - INFO - Telegram bot handlers set up
2025-10-14 03:09:19 W. Central Africa Standard Time - INFO - TelegramNotifier initialized
2025-10-14 03:10:19 W. Central Africa Standard Time - INFO - Telegram bot handlers set up
2025-10-14 03:10:19 W. Central Africa Standard Time - INFO - TelegramNotifier initialized
2025-10-14 03:11:19 W. Central Africa Standard Time - INFO - Telegram bot handlers set up
2025-10-14 03:11:19 W. Central Africa Standard Time - INFO - TelegramNotifier initialized
2025-10-14 07:43:18 W. Central Africa Standard Time - INFO - Telegram bot handlers set up
2025-10-14 07:43:18 W. Central Africa Standard Time - INFO - TelegramNotifier initialized
2025-10-14 07:43:47 W. Central Africa Standard Time - INFO - Telegram bot handlers set up
2025-10-14 07:43:47 W. Central Africa Standard Time - INFO - TelegramNotifier initialized
2025-10-14 07:44:17 W. Central Africa Standard Time - INFO - Telegram bot handlers set up
2025-10-14 07:44:17 W. Central Africa Standard Time - INFO - TelegramNotifier initialized
2025-10-14 07:44:47 W. Central Africa Standard Time - INFO - Telegram bot handlers set up
2025-10-14 07:44:47 W. Central Africa Standard Time - INFO - TelegramNotifier initialized
2025-10-14 07:45:17 W. Central Africa Standard Time - INFO - Telegram bot handlers set up
2025-10-14 07:45:17 W. Central Africa Standard Time - INFO - TelegramNotifier initialized
2025-10-14 07:45:47 W. Central Africa Standard Time - INFO - Telegram bot handlers set up
2025-10-14 07:45:47 W. Central Africa Standard Time - INFO - TelegramNotifier initialized
2025-10-14 07:57:04 W. Central Africa Standard Time - INFO - Telegram bot handlers set up
2025-10-14 07:57:04 W. Central Africa Standard Time - INFO - TelegramNotifier initialized
2025-10-14 07:57:49 W. Central Africa Standard Time - INFO - Telegram bot handlers set up
2025-10-14 07:57:49 W. Central Africa Standard Time - INFO - TelegramNotifier initialized
2025-10-14 07:58:03 W. Central Africa Standard Time - INFO - Telegram bot handlers set up
2025-10-14 07:58:03 W. Central Africa Standard Time - INFO - TelegramNotifier initialized
2025-10-14 07:58:33 W. Central Africa Standard Time - INFO - Telegram bot handlers set up
2025-10-14 07:58:33 W. Central Africa Standard Time - INFO - TelegramNotifier initialized
2025-10-14 07:59:03 W. Central Africa Standard Time - INFO - Telegram bot handlers set up
2025-10-14 07:59:03 W. Central Africa Standard Time - INFO - TelegramNotifier initialized
2025-10-14 07:59:33 W. Central Africa Standard Time - INFO - Telegram bot handlers set up
2025-10-14 07:59:33 W. Central Africa Standard Time - INFO - TelegramNotifier initialized
2025-10-14 08:00:03 W. Central Africa Standard Time - INFO - Telegram bot handlers set up
2025-10-14 08:00:03 W. Central Africa Standard Time - INFO - TelegramNotifier initialized
2025-10-14 08:01:04 W. Central Africa Standard Time - INFO - Telegram bot handlers set up
2025-10-14 08:01:04 W. Central Africa Standard Time - INFO - TelegramNotifier initialized
2025-10-14 08:02:05 W. Central Africa Standard Time - INFO - Telegram bot handlers set up
2025-10-14 08:02:05 W. Central Africa Standard Time - INFO - TelegramNotifier initialized
2025-10-14 08:03:07 W. Central Africa Standard Time - INFO - Telegram bot handlers set up
2025-10-14 08:03:07 W. Central Africa Standard Time - INFO - TelegramNotifier initialized
2025-10-14 08:04:07 W. Central Africa Standard Time - INFO - Telegram bot handlers set up
2025-10-14 08:04:07 W. Central Africa Standard Time - INFO - TelegramNotifier initialized
2025-10-14 08:05:08 W. Central Africa Standard Time - INFO - Telegram bot handlers set up
2025-10-14 08:05:08 W. Central Africa Standard Time - INFO - TelegramNotifier initialized
2025-10-14 08:05:33 W. Central Africa Standard Time - INFO - Telegram bot handlers set up
2025-10-14 08:05:33 W. Central Africa Standard Time - INFO - TelegramNotifier initialized
2025-10-14 08:06:03 W. Central Africa Standard Time - INFO - Telegram bot handlers set up
2025-10-14 08:06:03 W. Central Africa Standard Time - INFO - TelegramNotifier initialized
2025-10-14 08:07:04 W. Central Africa Standard Time - INFO - Telegram bot handlers set up
2025-10-14 08:07:04 W. Central Africa Standard Time - INFO - TelegramNotifier initialized
2025-10-14 08:08:06 W. Central Africa Standard Time - INFO - Telegram bot handlers set up
2025-10-14 08:08:06 W. Central Africa Standard Time - INFO - TelegramNotifier initialized
2025-10-14 08:09:06 W. Central Africa Standard Time - INFO - Telegram bot handlers set up
2025-10-14 08:09:06 W. Central Africa Standard Time - INFO - TelegramNotifier initialized
2025-10-14 08:10:07 W. Central Africa Standard Time - INFO - Telegram bot handlers set up
2025-10-14 08:10:07 W. Central Africa Standard Time - INFO - TelegramNotifier initialized
2025-10-14 08:12:14 W. Central Africa Standard Time - INFO - Telegram bot handlers set up
2025-10-14 08:12:14 W. Central Africa Standard Time - INFO - TelegramNotifier initialized
2025-10-14 08:12:43 W. Central Africa Standard Time - INFO - Telegram bot handlers set up
2025-10-14 08:12:43 W. Central Africa Standard Time - INFO - TelegramNotifier initialized
2025-10-14 08:13:13 W. Central Africa Standard Time - INFO - Telegram bot handlers set up
2025-10-14 08:13:13 W. Central Africa Standard Time - INFO - TelegramNotifier initialized
2025-10-14 08:13:43 W. Central Africa Standard Time - INFO - Telegram bot handlers set up
2025-10-14 08:13:43 W. Central Africa Standard Time - INFO - TelegramNotifier initialized
2025-10-14 08:14:13 W. Central Africa Standard Time - INFO - Telegram bot handlers set up
2025-10-14 08:14:13 W. Central Africa Standard Time - INFO - TelegramNotifier initialized
2025-10-14 08:14:44 W. Central Africa Standard Time - INFO - Telegram bot handlers set up
2025-10-14 08:14:44 W. Central Africa Standard Time - INFO - TelegramNotifier initialized
2025-10-14 08:15:13 W. Central Africa Standard Time - INFO - Telegram bot handlers set up
2025-10-14 08:15:13 W. Central Africa Standard Time - INFO - TelegramNotifier initialized
2025-10-14 08:16:15 W. Central Africa Standard Time - INFO - Telegram bot handlers set up
2025-10-14 08:16:15 W. Central Africa Standard Time - INFO - TelegramNotifier initialized
2025-10-14 08:17:16 W. Central Africa Standard Time - INFO - Telegram bot handlers set up
2025-10-14 08:17:16 W. Central Africa Standard Time - INFO - TelegramNotifier initialized
2025-10-14 08:18:17 W. Central Africa Standard Time - INFO - Telegram bot handlers set up
2025-10-14 08:18:17 W. Central Africa Standard Time - INFO - TelegramNotifier initialized
2025-10-14 08:19:19 W. Central Africa Standard Time - INFO - Telegram bot handlers set up
2025-10-14 08:19:19 W. Central Africa Standard Time - INFO - TelegramNotifier initialized
2025-10-14 08:20:18 W. Central Africa Standard Time - INFO - Telegram bot handlers set up
2025-10-14 08:20:18 W. Central Africa Standard Time - INFO - TelegramNotifier initialized
2025-10-14 08:21:19 W. Central Africa Standard Time - INFO - Telegram bot handlers set up
2025-10-14 08:21:19 W. Central Africa Standard Time - INFO - TelegramNotifier initialized
2025-10-14 08:22:10 W. Central Africa Standard Time - INFO - Telegram bot handlers set up
2025-10-14 08:22:10 W. Central Africa Standard Time - INFO - TelegramNotifier initialized
2025-10-14 08:22:12 W. Central Africa Standard Time - INFO - Telegram bot handlers set up
2025-10-14 08:22:12 W. Central Africa Standard Time - INFO - TelegramNotifier initialized
2025-10-14 08:22:14 W. Central Africa Standard Time - INFO - Telegram bot handlers set up
2025-10-14 08:22:14 W. Central Africa Standard Time - INFO - TelegramNotifier initialized
2025-10-14 08:23:08 W. Central Africa Standard Time - INFO - Telegram bot handlers set up
2025-10-14 08:23:08 W. Central Africa Standard Time - INFO - TelegramNotifier initialized
2025-10-14 08:23:37 W. Central Africa Standard Time - INFO - Telegram bot handlers set up
2025-10-14 08:23:37 W. Central Africa Standard Time - INFO - TelegramNotifier initialized
2025-10-14 08:24:08 W. Central Africa Standard Time - INFO - Telegram bot handlers set up
2025-10-14 08:24:08 W. Central Africa Standard Time - INFO - TelegramNotifier initialized
2025-10-14 08:24:37 W. Central Africa Standard Time - INFO - Telegram bot handlers set up
2025-10-14 08:24:37 W. Central Africa Standard Time - INFO - TelegramNotifier initialized
2025-10-14 08:25:07 W. Central Africa Standard Time - INFO - Telegram bot handlers set up
2025-10-14 08:25:07 W. Central Africa Standard Time - INFO - TelegramNotifier initialized
2025-10-14 08:25:37 W. Central Africa Standard Time - INFO - Telegram bot handlers set up
2025-10-14 08:25:37 W. Central Africa Standard Time - INFO - TelegramNotifier initialized
2025-10-14 08:26:07 W. Central Africa Standard Time - INFO - Telegram bot handlers set up
2025-10-14 08:26:07 W. Central Africa Standard Time - INFO - TelegramNotifier initialized
2025-10-14 08:27:09 W. Central Africa Standard Time - INFO - Telegram bot handlers set up
2025-10-14 08:27:09 W. Central Africa Standard Time - INFO - TelegramNotifier initialized
2025-10-14 08:28:10 W. Central Africa Standard Time - INFO - Telegram bot handlers set up
2025-10-14 08:28:10 W. Central Africa Standard Time - INFO - TelegramNotifier initialized
2025-10-14 08:29:10 W. Central Africa Standard Time - INFO - Telegram bot handlers set up
2025-10-14 08:29:10 W. Central Africa Standard Time - INFO - TelegramNotifier initialized
2025-10-14 08:30:11 W. Central Africa Standard Time - INFO - Telegram bot handlers set up
2025-10-14 08:30:11 W. Central Africa Standard Time - INFO - TelegramNotifier initialized
2025-10-14 08:31:13 W. Central Africa Standard Time - INFO - Telegram bot handlers set up
2025-10-14 08:31:13 W. Central Africa Standard Time - INFO - TelegramNotifier initialized
2025-10-14 08:32:13 W. Central Africa Standard Time - INFO - Telegram bot handlers set up
2025-10-14 08:32:13 W. Central Africa Standard Time - INFO - TelegramNotifier initialized
2025-10-14 08:51:07 W. Central Africa Standard Time - INFO - Telegram bot handlers set up
2025-10-14 08:51:07 W. Central Africa Standard Time - INFO - TelegramNotifier initialized
2025-10-14 08:51:35 W. Central Africa Standard Time - INFO - Telegram bot handlers set up
2025-10-14 08:51:35 W. Central Africa Standard Time - INFO - TelegramNotifier initialized
2025-10-14 08:51:35 W. Central Africa Standard Time - INFO - Telegram bot handlers set up
2025-10-14 08:51:35 W. Central Africa Standard Time - INFO - TelegramNotifier initialized
2025-10-14 08:51:51 W. Central Africa Standard Time - INFO - Telegram bot handlers set up
2025-10-14 08:51:51 W. Central Africa Standard Time - INFO - TelegramNotifier initialized
2025-10-14 08:52:22 W. Central Africa Standard Time - INFO - Telegram bot handlers set up
2025-10-14 08:52:22 W. Central Africa Standard Time - INFO - TelegramNotifier initialized
2025-10-14 08:52:52 W. Central Africa Standard Time - INFO - Telegram bot handlers set up
2025-10-14 08:52:52 W. Central Africa Standard Time - INFO - TelegramNotifier initialized
2025-10-14 08:53:22 W. Central Africa Standard Time - INFO - Telegram bot handlers set up
2025-10-14 08:53:22 W. Central Africa Standard Time - INFO - TelegramNotifier initialized
2025-10-14 08:53:52 W. Central Africa Standard Time - INFO - Telegram bot handlers set up
2025-10-14 08:53:52 W. Central Africa Standard Time - INFO - TelegramNotifier initialized
2025-10-14 08:54:22 W. Central Africa Standard Time - INFO - Telegram bot handlers set up
2025-10-14 08:54:22 W. Central Africa Standard Time - INFO - TelegramNotifier initialized
2025-10-14 08:54:52 W. Central Africa Standard Time - INFO - Telegram bot handlers set up
2025-10-14 08:54:52 W. Central Africa Standard Time - INFO - TelegramNotifier initialized
2025-10-14 08:55:54 W. Central Africa Standard Time - INFO - Telegram bot handlers set up
2025-10-14 08:55:54 W. Central Africa Standard Time - INFO - TelegramNotifier initialized
2025-10-14 08:56:54 W. Central Africa Standard Time - INFO - Telegram bot handlers set up
2025-10-14 08:56:54 W. Central Africa Standard Time - INFO - TelegramNotifier initialized
2025-10-14 08:57:55 W. Central Africa Standard Time - INFO - Telegram bot handlers set up
2025-10-14 08:57:55 W. Central Africa Standard Time - INFO - TelegramNotifier initialized
2025-10-14 08:58:57 W. Central Africa Standard Time - INFO - Telegram bot handlers set up
2025-10-14 08:58:57 W. Central Africa Standard Time - INFO - TelegramNotifier initialized
2025-10-14 08:59:58 W. Central Africa Standard Time - INFO - Telegram bot handlers set up
2025-10-14 08:59:58 W. Central Africa Standard Time - INFO - TelegramNotifier initialized
2025-10-14 09:00:59 W. Central Africa Standard Time - INFO - Telegram bot handlers set up
2025-10-14 09:00:59 W. Central Africa Standard Time - INFO - TelegramNotifier initialized
2025-10-14 09:01:59 W. Central Africa Standard Time - INFO - Telegram bot handlers set up
2025-10-14 09:01:59 W. Central Africa Standard Time - INFO - TelegramNotifier initialized
2025-10-14 09:35:37 W. Central Africa Standard Time - INFO - Telegram bot handlers set up
2025-10-14 09:35:37 W. Central Africa Standard Time - INFO - TelegramNotifier initialized
2025-10-14 09:36:14 W. Central Africa Standard Time - INFO - Telegram bot handlers set up
2025-10-14 09:36:14 W. Central Africa Standard Time - INFO - TelegramNotifier initialized
2025-10-14 09:36:44 W. Central Africa Standard Time - INFO - Telegram bot handlers set up
2025-10-14 09:36:44 W. Central Africa Standard Time - INFO - TelegramNotifier initialized
2025-10-14 09:37:14 W. Central Africa Standard Time - INFO - Telegram bot handlers set up
2025-10-14 09:37:14 W. Central Africa Standard Time - INFO - TelegramNotifier initialized
2025-10-14 09:37:44 W. Central Africa Standard Time - INFO - Telegram bot handlers set up
2025-10-14 09:37:44 W. Central Africa Standard Time - INFO - TelegramNotifier initialized
2025-10-14 09:38:05 W. Central Africa Standard Time - INFO - Telegram bot handlers set up
2025-10-14 09:38:05 W. Central Africa Standard Time - INFO - TelegramNotifier initialized
2025-10-14 09:38:06 W. Central Africa Standard Time - INFO - Telegram bot application initialized
2025-10-14 09:38:06 W. Central Africa Standard Time - INFO - Starting Telegram bot polling
2025-10-14 09:38:06 W. Central Africa Standard Time - INFO - Telegram bot polling started
2025-10-14 09:38:14 W. Central Africa Standard Time - INFO - Telegram bot handlers set up
2025-10-14 09:38:14 W. Central Africa Standard Time - INFO - TelegramNotifier initialized
2025-10-14 09:38:44 W. Central Africa Standard Time - INFO - Telegram bot handlers set up
2025-10-14 09:38:44 W. Central Africa Standard Time - INFO - TelegramNotifier initialized
2025-10-14 09:39:14 W. Central Africa Standard Time - INFO - Telegram bot handlers set up
2025-10-14 09:39:14 W. Central Africa Standard Time - INFO - TelegramNotifier initialized
2025-10-14 09:40:15 W. Central Africa Standard Time - INFO - Telegram bot handlers set up
2025-10-14 09:40:15 W. Central Africa Standard Time - INFO - TelegramNotifier initialized
2025-10-14 09:41:16 W. Central Africa Standard Time - INFO - Telegram bot handlers set up
2025-10-14 09:41:16 W. Central Africa Standard Time - INFO - TelegramNotifier initialized
2025-10-14 09:42:17 W. Central Africa Standard Time - INFO - Telegram bot handlers set up
2025-10-14 09:42:17 W. Central Africa Standard Time - INFO - TelegramNotifier initialized
2025-10-14 09:43:18 W. Central Africa Standard Time - INFO - Telegram bot handlers set up
2025-10-14 09:43:18 W. Central Africa Standard Time - INFO - TelegramNotifier initialized
2025-10-14 09:44:18 W. Central Africa Standard Time - INFO - Telegram bot handlers set up
2025-10-14 09:44:18 W. Central Africa Standard Time - INFO - TelegramNotifier initialized
2025-10-14 09:45:18 W. Central Africa Standard Time - INFO - Telegram bot handlers set up
2025-10-14 09:45:18 W. Central Africa Standard Time - INFO - TelegramNotifier initialized
2025-10-14 09:46:18 W. Central Africa Standard Time - INFO - Telegram bot handlers set up
2025-10-14 09:46:18 W. Central Africa Standard Time - INFO - TelegramNotifier initialized
2025-10-14 09:47:18 W. Central Africa Standard Time - INFO - Telegram bot handlers set up
2025-10-14 09:47:18 W. Central Africa Standard Time - INFO - TelegramNotifier initialized
2025-10-14 16:52:57 W. Central Africa Standard Time - INFO - Telegram bot handlers set up
2025-10-14 16:52:57 W. Central Africa Standard Time - INFO - TelegramNotifier initialized
2025-10-14 16:52:58 W. Central Africa Standard Time - INFO - Telegram bot application initialized
2025-10-14 16:52:58 W. Central Africa Standard Time - INFO - Starting Telegram bot polling
2025-10-14 16:52:58 W. Central Africa Standard Time - INFO - Telegram bot polling started
2025-10-16 21:39:25 W. Central Africa Standard Time - INFO - Telegram credentials loaded from Vault
2025-10-17 12:26:57 W. Central Africa Standard Time - ERROR - Failed to load Telegram credentials: Secret path 'telegram' not found in Vault.
2025-10-17 12:32:24 W. Central Africa Standard Time - ERROR - Failed to load Telegram credentials: Invalid or missing Telegram credentials in Vault.
2025-10-17 12:37:50 W. Central Africa Standard Time - ERROR - Failed to load Telegram credentials: Invalid or missing Telegram credentials in Vault.
2025-10-17 12:46:56 W. Central Africa Standard Time - ERROR - Failed to load Telegram credentials: Invalid or missing Telegram credentials in Vault.
2025-10-17 13:03:25 W. Central Africa Standard Time - ERROR - Failed to load Telegram credentials: Invalid or missing Telegram credentials in Vault.
2025-10-17 13:11:10 W. Central Africa Standard Time - ERROR - Failed to load Telegram credentials: Invalid or missing Telegram credentials in Vault.
2025-10-17 15:11:42 W. Central Africa Standard Time - INFO - Telegram credentials loaded from Vault
2025-10-17 15:11:43 W. Central Africa Standard Time - INFO - Telegram Application built successfully
2025-10-17 16:37:17 W. Central Africa Standard Time - INFO - Telegram credentials loaded from Vault
2025-10-17 16:37:17 W. Central Africa Standard Time - INFO - Telegram Application built successfully
2025-10-17 16:37:17 W. Central Africa Standard Time - INFO - Telegram command handlers registered
2025-10-17 16:37:25 W. Central Africa Standard Time - INFO - Telegram bot started
2025-10-17 16:37:26 W. Central Africa Standard Time - INFO - Telegram bot stopped
2025-10-17 16:37:44 W. Central Africa Standard Time - INFO - Telegram credentials loaded from Vault
2025-10-17 16:37:44 W. Central Africa Standard Time - INFO - Telegram Application built successfully
2025-10-17 16:37:44 W. Central Africa Standard Time - INFO - Telegram command handlers registered
2025-10-17 16:37:45 W. Central Africa Standard Time - INFO - Telegram bot started
2025-10-17 16:37:46 W. Central Africa Standard Time - INFO - Telegram bot stopped
2025-10-17 16:41:58 W. Central Africa Standard Time - INFO - Telegram credentials loaded from Vault
2025-10-17 16:41:59 W. Central Africa Standard Time - INFO - Telegram Application built successfully
2025-10-17 16:41:59 W. Central Africa Standard Time - INFO - Telegram command handlers registered
2025-10-17 16:42:00 W. Central Africa Standard Time - INFO - Telegram bot started
2025-10-17 16:42:01 W. Central Africa Standard Time - INFO - Telegram bot stopped
2025-10-17 16:42:07 W. Central Africa Standard Time - INFO - Telegram credentials loaded from Vault
2025-10-17 16:42:07 W. Central Africa Standard Time - INFO - Telegram Application built successfully
2025-10-17 16:42:07 W. Central Africa Standard Time - INFO - Telegram command handlers registered
2025-10-17 16:42:08 W. Central Africa Standard Time - INFO - Telegram bot started
2025-10-17 16:42:40 W. Central Africa Standard Time - INFO - Telegram credentials loaded from Vault
2025-10-17 16:42:41 W. Central Africa Standard Time - INFO - Telegram Application built successfully
2025-10-17 16:42:41 W. Central Africa Standard Time - INFO - Telegram command handlers registered
2025-10-17 16:42:42 W. Central Africa Standard Time - INFO - Telegram bot started
2025-10-17 16:43:10 W. Central Africa Standard Time - INFO - Telegram credentials loaded from Vault
2025-10-17 16:43:10 W. Central Africa Standard Time - INFO - Telegram Application built successfully
2025-10-17 16:43:10 W. Central Africa Standard Time - INFO - Telegram command handlers registered
2025-10-17 16:43:12 W. Central Africa Standard Time - INFO - Telegram bot started
2025-10-17 16:43:40 W. Central Africa Standard Time - INFO - Telegram credentials loaded from Vault
2025-10-17 16:43:40 W. Central Africa Standard Time - INFO - Telegram Application built successfully
2025-10-17 16:43:40 W. Central Africa Standard Time - INFO - Telegram command handlers registered
2025-10-17 16:43:42 W. Central Africa Standard Time - INFO - Telegram bot started
2025-10-17 16:43:55 W. Central Africa Standard Time - INFO - Telegram credentials loaded from Vault
2025-10-17 16:43:55 W. Central Africa Standard Time - INFO - Telegram Application built successfully
2025-10-17 16:43:55 W. Central Africa Standard Time - INFO - Telegram command handlers registered
2025-10-17 16:43:56 W. Central Africa Standard Time - INFO - Telegram bot started
2025-10-17 16:44:10 W. Central Africa Standard Time - INFO - Telegram credentials loaded from Vault
2025-10-17 16:44:11 W. Central Africa Standard Time - INFO - Telegram Application built successfully
2025-10-17 16:44:11 W. Central Africa Standard Time - INFO - Telegram command handlers registered
2025-10-17 16:44:12 W. Central Africa Standard Time - INFO - Telegram bot started
2025-10-17 16:44:22 W. Central Africa Standard Time - INFO - Telegram credentials loaded from Vault
2025-10-17 16:44:22 W. Central Africa Standard Time - INFO - Telegram Application built successfully
2025-10-17 16:44:22 W. Central Africa Standard Time - INFO - Telegram command handlers registered
2025-10-17 16:44:23 W. Central Africa Standard Time - INFO - Telegram bot started
2025-10-17 16:44:24 W. Central Africa Standard Time - INFO - Telegram credentials loaded from Vault
2025-10-17 16:44:25 W. Central Africa Standard Time - INFO - Telegram Application built successfully
2025-10-17 16:44:25 W. Central Africa Standard Time - INFO - Telegram command handlers registered
2025-10-17 16:44:25 W. Central Africa Standard Time - INFO - Telegram bot started
2025-10-17 16:44:27 W. Central Africa Standard Time - INFO - Telegram credentials loaded from Vault
2025-10-17 16:44:27 W. Central Africa Standard Time - INFO - Telegram Application built successfully
2025-10-17 16:44:27 W. Central Africa Standard Time - INFO - Telegram command handlers registered
2025-10-17 16:44:28 W. Central Africa Standard Time - INFO - Telegram bot started
2025-10-17 16:44:30 W. Central Africa Standard Time - INFO - Message sent to 7112412084
2025-10-17 16:44:47 W. Central Africa Standard Time - INFO - Telegram credentials loaded from Vault
2025-10-17 16:44:47 W. Central Africa Standard Time - INFO - Telegram Application built successfully
2025-10-17 16:44:47 W. Central Africa Standard Time - INFO - Telegram command handlers registered
2025-10-17 16:44:48 W. Central Africa Standard Time - INFO - Telegram credentials loaded from Vault
2025-10-17 16:44:48 W. Central Africa Standard Time - INFO - Telegram Application built successfully
2025-10-17 16:44:48 W. Central Africa Standard Time - INFO - Telegram command handlers registered
2025-10-17 16:44:48 W. Central Africa Standard Time - INFO - Telegram bot started
2025-10-17 16:44:49 W. Central Africa Standard Time - INFO - Telegram bot started
2025-10-17 16:44:50 W. Central Africa Standard Time - INFO - Message sent to 7112412084
2025-10-17 16:45:01 W. Central Africa Standard Time - INFO - Telegram credentials loaded from Vault
2025-10-17 16:45:01 W. Central Africa Standard Time - INFO - Telegram Application built successfully
2025-10-17 16:45:01 W. Central Africa Standard Time - INFO - Telegram command handlers registered
2025-10-17 16:45:03 W. Central Africa Standard Time - INFO - Telegram bot started
2025-10-17 16:45:04 W. Central Africa Standard Time - INFO - Telegram bot stopped
2025-10-17 16:45:11 W. Central Africa Standard Time - INFO - Telegram credentials loaded from Vault
2025-10-17 16:45:13 W. Central Africa Standard Time - INFO - Telegram Application built successfully
2025-10-17 16:45:14 W. Central Africa Standard Time - INFO - Telegram command handlers registered
2025-10-17 16:45:15 W. Central Africa Standard Time - INFO - Telegram bot started
2025-10-17 16:45:16 W. Central Africa Standard Time - INFO - Telegram bot stopped
2025-10-17 16:45:31 W. Central Africa Standard Time - INFO - Telegram credentials loaded from Vault
2025-10-17 16:45:31 W. Central Africa Standard Time - INFO - Telegram Application built successfully
2025-10-17 16:45:31 W. Central Africa Standard Time - INFO - Telegram command handlers registered
2025-10-17 16:45:32 W. Central Africa Standard Time - INFO - Telegram bot started
2025-10-17 16:45:38 W. Central Africa Standard Time - INFO - Telegram credentials loaded from Vault
2025-10-17 16:45:38 W. Central Africa Standard Time - INFO - Telegram Application built successfully
2025-10-17 16:45:38 W. Central Africa Standard Time - INFO - Telegram command handlers registered
2025-10-17 16:45:39 W. Central Africa Standard Time - INFO - Telegram bot started
2025-10-17 16:45:40 W. Central Africa Standard Time - INFO - Telegram credentials loaded from Vault
2025-10-17 16:45:40 W. Central Africa Standard Time - INFO - Telegram Application built successfully
2025-10-17 16:45:40 W. Central Africa Standard Time - INFO - Telegram command handlers registered
2025-10-17 16:45:40 W. Central Africa Standard Time - INFO - Telegram bot stopped
2025-10-17 16:45:41 W. Central Africa Standard Time - INFO - Telegram bot started
2025-10-17 16:45:43 W. Central Africa Standard Time - INFO - Telegram bot stopped
2025-10-17 16:45:59 W. Central Africa Standard Time - INFO - Telegram credentials loaded from Vault
2025-10-17 16:45:59 W. Central Africa Standard Time - INFO - Telegram Application built successfully
2025-10-17 16:45:59 W. Central Africa Standard Time - INFO - Telegram command handlers registered
2025-10-17 16:46:00 W. Central Africa Standard Time - INFO - Telegram bot started
2025-10-17 16:46:10 W. Central Africa Standard Time - INFO - Telegram credentials loaded from Vault
2025-10-17 16:46:10 W. Central Africa Standard Time - INFO - Telegram Application built successfully
2025-10-17 16:46:10 W. Central Africa Standard Time - INFO - Telegram command handlers registered
2025-10-17 16:46:11 W. Central Africa Standard Time - INFO - Telegram bot started
2025-10-17 16:46:40 W. Central Africa Standard Time - INFO - Telegram credentials loaded from Vault
2025-10-17 16:46:40 W. Central Africa Standard Time - INFO - Telegram Application built successfully
2025-10-17 16:46:40 W. Central Africa Standard Time - INFO - Telegram command handlers registered
2025-10-17 16:46:41 W. Central Africa Standard Time - INFO - Telegram bot started
2025-10-17 16:47:10 W. Central Africa Standard Time - INFO - Telegram credentials loaded from Vault
2025-10-17 16:47:11 W. Central Africa Standard Time - INFO - Telegram Application built successfully
2025-10-17 16:47:11 W. Central Africa Standard Time - INFO - Telegram command handlers registered
2025-10-17 16:47:12 W. Central Africa Standard Time - INFO - Telegram bot started
2025-10-17 16:47:40 W. Central Africa Standard Time - INFO - Telegram credentials loaded from Vault
2025-10-17 16:47:41 W. Central Africa Standard Time - INFO - Telegram Application built successfully
2025-10-17 16:47:41 W. Central Africa Standard Time - INFO - Telegram command handlers registered
2025-10-17 16:47:42 W. Central Africa Standard Time - INFO - Telegram bot started
2025-10-17 16:48:10 W. Central Africa Standard Time - INFO - Telegram credentials loaded from Vault
2025-10-17 16:48:10 W. Central Africa Standard Time - INFO - Telegram Application built successfully
2025-10-17 16:48:10 W. Central Africa Standard Time - INFO - Telegram command handlers registered
2025-10-17 16:48:13 W. Central Africa Standard Time - INFO - Telegram bot started
2025-10-17 16:48:40 W. Central Africa Standard Time - INFO - Telegram credentials loaded from Vault
2025-10-17 16:48:40 W. Central Africa Standard Time - INFO - Telegram Application built successfully
2025-10-17 16:48:40 W. Central Africa Standard Time - INFO - Telegram command handlers registered
2025-10-17 16:48:41 W. Central Africa Standard Time - INFO - Telegram credentials loaded from Vault
2025-10-17 16:48:41 W. Central Africa Standard Time - INFO - Telegram bot started
2025-10-17 16:48:44 W. Central Africa Standard Time - INFO - Telegram Application built successfully
2025-10-17 16:48:44 W. Central Africa Standard Time - INFO - Telegram command handlers registered
2025-10-17 16:48:45 W. Central Africa Standard Time - INFO - Telegram bot started
2025-10-17 16:48:46 W. Central Africa Standard Time - INFO - Telegram bot stopped
2025-10-17 16:49:10 W. Central Africa Standard Time - INFO - Telegram credentials loaded from Vault
2025-10-17 16:49:10 W. Central Africa Standard Time - INFO - Telegram Application built successfully
2025-10-17 16:49:10 W. Central Africa Standard Time - INFO - Telegram command handlers registered
2025-10-17 16:49:11 W. Central Africa Standard Time - INFO - Telegram bot started
2025-10-17 16:49:42 W. Central Africa Standard Time - INFO - Telegram credentials loaded from Vault
2025-10-17 16:49:43 W. Central Africa Standard Time - INFO - Telegram Application built successfully
2025-10-17 16:49:43 W. Central Africa Standard Time - INFO - Telegram command handlers registered
2025-10-17 16:49:51 W. Central Africa Standard Time - ERROR - Failed to start Telegram bot: Timed out
2025-10-17 17:06:00 W. Central Africa Standard Time - INFO - Telegram credentials loaded from Vault
2025-10-17 17:06:00 W. Central Africa Standard Time - INFO - Telegram Application built successfully
2025-10-17 17:06:00 W. Central Africa Standard Time - INFO - Telegram command handlers registered
2025-10-17 17:06:02 W. Central Africa Standard Time - INFO - Telegram bot started
2025-10-17 17:06:02 W. Central Africa Standard Time - INFO - Telegram bot stopped
2025-10-17 17:06:18 W. Central Africa Standard Time - INFO - Telegram credentials loaded from Vault
2025-10-17 17:06:18 W. Central Africa Standard Time - INFO - Telegram Application built successfully
2025-10-17 17:06:18 W. Central Africa Standard Time - INFO - Telegram command handlers registered
2025-10-17 17:06:19 W. Central Africa Standard Time - INFO - Telegram bot started
2025-10-17 17:06:27 W. Central Africa Standard Time - INFO - Telegram credentials loaded from Vault
2025-10-17 17:06:27 W. Central Africa Standard Time - INFO - Telegram Application built successfully
2025-10-17 17:06:27 W. Central Africa Standard Time - INFO - Telegram command handlers registered
2025-10-17 17:06:28 W. Central Africa Standard Time - INFO - Telegram bot started
2025-10-17 17:06:34 W. Central Africa Standard Time - INFO - Telegram credentials loaded from Vault
2025-10-17 17:06:34 W. Central Africa Standard Time - INFO - Telegram Application built successfully
2025-10-17 17:06:34 W. Central Africa Standard Time - INFO - Telegram command handlers registered
2025-10-17 17:06:35 W. Central Africa Standard Time - INFO - Telegram bot started
2025-10-17 17:06:36 W. Central Africa Standard Time - INFO - Telegram bot stopped
2025-10-17 17:06:50 W. Central Africa Standard Time - INFO - Telegram credentials loaded from Vault
2025-10-17 17:06:50 W. Central Africa Standard Time - INFO - Telegram Application built successfully
2025-10-17 17:06:50 W. Central Africa Standard Time - INFO - Telegram command handlers registered
2025-10-17 17:06:51 W. Central Africa Standard Time - INFO - Telegram bot started
2025-10-17 17:06:52 W. Central Africa Standard Time - INFO - Telegram bot stopped
2025-10-17 17:07:20 W. Central Africa Standard Time - INFO - Telegram credentials loaded from Vault
2025-10-17 17:07:20 W. Central Africa Standard Time - INFO - Telegram Application built successfully
2025-10-17 17:07:20 W. Central Africa Standard Time - INFO - Telegram command handlers registered
2025-10-17 17:07:21 W. Central Africa Standard Time - INFO - Telegram bot started
2025-10-17 17:07:22 W. Central Africa Standard Time - INFO - Telegram bot stopped
2025-10-17 17:07:50 W. Central Africa Standard Time - INFO - Telegram credentials loaded from Vault
2025-10-17 17:07:50 W. Central Africa Standard Time - INFO - Telegram Application built successfully
2025-10-17 17:07:50 W. Central Africa Standard Time - INFO - Telegram command handlers registered
2025-10-17 17:07:51 W. Central Africa Standard Time - INFO - Telegram bot started
2025-10-17 17:07:52 W. Central Africa Standard Time - INFO - Telegram bot stopped
2025-10-17 17:08:20 W. Central Africa Standard Time - INFO - Telegram credentials loaded from Vault
2025-10-17 17:08:20 W. Central Africa Standard Time - INFO - Telegram Application built successfully
2025-10-17 17:08:20 W. Central Africa Standard Time - INFO - Telegram command handlers registered
2025-10-17 17:08:21 W. Central Africa Standard Time - INFO - Telegram bot started
2025-10-17 17:08:22 W. Central Africa Standard Time - INFO - Telegram bot stopped
2025-10-17 17:08:50 W. Central Africa Standard Time - INFO - Telegram credentials loaded from Vault
2025-10-17 17:08:50 W. Central Africa Standard Time - INFO - Telegram Application built successfully
2025-10-17 17:08:50 W. Central Africa Standard Time - INFO - Telegram command handlers registered
2025-10-17 17:08:51 W. Central Africa Standard Time - INFO - Telegram bot started
2025-10-17 17:08:52 W. Central Africa Standard Time - INFO - Telegram bot stopped
2025-10-17 17:09:20 W. Central Africa Standard Time - INFO - Telegram credentials loaded from Vault
2025-10-17 17:09:20 W. Central Africa Standard Time - INFO - Telegram Application built successfully
2025-10-17 17:09:20 W. Central Africa Standard Time - INFO - Telegram command handlers registered
2025-10-17 17:09:21 W. Central Africa Standard Time - INFO - Telegram bot started
2025-10-17 17:09:22 W. Central Africa Standard Time - INFO - Telegram bot stopped
2025-10-17 17:09:50 W. Central Africa Standard Time - INFO - Telegram credentials loaded from Vault
2025-10-17 17:09:50 W. Central Africa Standard Time - INFO - Telegram Application built successfully
2025-10-17 17:09:50 W. Central Africa Standard Time - INFO - Telegram command handlers registered
2025-10-17 17:09:51 W. Central Africa Standard Time - INFO - Telegram bot started
2025-10-17 17:09:52 W. Central Africa Standard Time - INFO - Telegram bot stopped
2025-10-17 17:10:51 W. Central Africa Standard Time - INFO - Telegram credentials loaded from Vault
2025-10-17 17:10:51 W. Central Africa Standard Time - INFO - Telegram Application built successfully
2025-10-17 17:10:51 W. Central Africa Standard Time - INFO - Telegram command handlers registered
2025-10-17 17:10:52 W. Central Africa Standard Time - INFO - Telegram bot started
2025-10-17 17:10:53 W. Central Africa Standard Time - INFO - Telegram bot stopped
2025-10-17 17:11:52 W. Central Africa Standard Time - INFO - Telegram credentials loaded from Vault
2025-10-17 17:11:52 W. Central Africa Standard Time - INFO - Telegram Application built successfully
2025-10-17 17:11:52 W. Central Africa Standard Time - INFO - Telegram command handlers registered
2025-10-17 17:11:53 W. Central Africa Standard Time - INFO - Telegram bot started
2025-10-17 17:11:54 W. Central Africa Standard Time - INFO - Telegram bot stopped
2025-10-17 17:12:53 W. Central Africa Standard Time - INFO - Telegram credentials loaded from Vault
2025-10-17 17:12:53 W. Central Africa Standard Time - INFO - Telegram Application built successfully
2025-10-17 17:12:53 W. Central Africa Standard Time - INFO - Telegram command handlers registered
2025-10-17 17:12:54 W. Central Africa Standard Time - INFO - Telegram bot started
2025-10-17 17:12:56 W. Central Africa Standard Time - INFO - Telegram bot stopped
2025-10-17 17:13:54 W. Central Africa Standard Time - INFO - Telegram credentials loaded from Vault
2025-10-17 17:13:54 W. Central Africa Standard Time - INFO - Telegram Application built successfully
2025-10-17 17:13:54 W. Central Africa Standard Time - INFO - Telegram command handlers registered
2025-10-17 17:13:55 W. Central Africa Standard Time - INFO - Telegram bot started
2025-10-17 17:13:57 W. Central Africa Standard Time - INFO - Telegram bot stopped
2025-10-17 17:14:55 W. Central Africa Standard Time - INFO - Telegram credentials loaded from Vault
2025-10-17 17:14:55 W. Central Africa Standard Time - INFO - Telegram Application built successfully
2025-10-17 17:14:55 W. Central Africa Standard Time - INFO - Telegram command handlers registered
2025-10-17 17:14:56 W. Central Africa Standard Time - INFO - Telegram bot started
2025-10-17 17:14:58 W. Central Africa Standard Time - INFO - Telegram bot stopped
2025-10-17 17:15:56 W. Central Africa Standard Time - INFO - Telegram credentials loaded from Vault
2025-10-17 17:15:57 W. Central Africa Standard Time - INFO - Telegram Application built successfully
2025-10-17 17:15:57 W. Central Africa Standard Time - INFO - Telegram command handlers registered
2025-10-17 17:15:58 W. Central Africa Standard Time - INFO - Telegram bot started
2025-10-17 17:16:00 W. Central Africa Standard Time - INFO - Telegram bot stopped
2025-10-17 22:43:09 W. Central Africa Standard Time - INFO - Telegram credentials loaded from Vault
2025-10-17 22:43:09 W. Central Africa Standard Time - INFO - Telegram Application built successfully
2025-10-17 22:43:09 W. Central Africa Standard Time - INFO - Telegram command handlers registered
2025-10-17 22:43:10 W. Central Africa Standard Time - INFO - Telegram bot started
2025-10-17 22:43:11 W. Central Africa Standard Time - INFO - Telegram bot stopped
2025-10-17 22:43:18 W. Central Africa Standard Time - INFO - Telegram credentials loaded from Vault
2025-10-17 22:43:18 W. Central Africa Standard Time - INFO - Telegram Application built successfully
2025-10-17 22:43:18 W. Central Africa Standard Time - INFO - Telegram command handlers registered
2025-10-17 22:43:18 W. Central Africa Standard Time - INFO - Telegram bot started
2025-10-17 22:43:19 W. Central Africa Standard Time - INFO - Telegram bot stopped
2025-10-17 22:43:19 W. Central Africa Standard Time - INFO - Telegram credentials loaded from Vault
2025-10-17 22:43:19 W. Central Africa Standard Time - INFO - Telegram Application built successfully
2025-10-17 22:43:19 W. Central Africa Standard Time - INFO - Telegram command handlers registered
2025-10-17 22:43:19 W. Central Africa Standard Time - INFO - Telegram credentials loaded from Vault
2025-10-17 22:43:19 W. Central Africa Standard Time - INFO - Telegram Application built successfully
2025-10-17 22:43:19 W. Central Africa Standard Time - INFO - Telegram command handlers registered
2025-10-17 22:43:20 W. Central Africa Standard Time - INFO - Telegram bot started
2025-10-17 22:43:20 W. Central Africa Standard Time - INFO - Telegram bot started
2025-10-17 22:43:52 W. Central Africa Standard Time - INFO - Telegram credentials loaded from Vault
2025-10-17 22:43:52 W. Central Africa Standard Time - INFO - Telegram Application built successfully
2025-10-17 22:43:52 W. Central Africa Standard Time - INFO - Telegram command handlers registered
2025-10-17 22:43:53 W. Central Africa Standard Time - INFO - Telegram bot started
2025-10-17 22:44:23 W. Central Africa Standard Time - INFO - Telegram credentials loaded from Vault
2025-10-17 22:44:24 W. Central Africa Standard Time - INFO - Telegram Application built successfully
2025-10-17 22:44:24 W. Central Africa Standard Time - INFO - Telegram command handlers registered
2025-10-17 22:44:25 W. Central Africa Standard Time - INFO - Telegram bot started
2025-10-17 22:44:53 W. Central Africa Standard Time - INFO - Telegram credentials loaded from Vault
2025-10-17 22:44:53 W. Central Africa Standard Time - INFO - Telegram Application built successfully
2025-10-17 22:44:53 W. Central Africa Standard Time - INFO - Telegram command handlers registered
2025-10-17 22:44:54 W. Central Africa Standard Time - INFO - Telegram bot started
2025-10-17 22:45:25 W. Central Africa Standard Time - INFO - Telegram credentials loaded from Vault
2025-10-17 22:45:26 W. Central Africa Standard Time - INFO - Telegram Application built successfully
2025-10-17 22:45:26 W. Central Africa Standard Time - INFO - Telegram command handlers registered
2025-10-17 22:45:26 W. Central Africa Standard Time - INFO - Telegram bot started
2025-10-17 22:45:54 W. Central Africa Standard Time - INFO - Telegram credentials loaded from Vault
2025-10-17 22:45:54 W. Central Africa Standard Time - INFO - Telegram Application built successfully
2025-10-17 22:45:54 W. Central Africa Standard Time - INFO - Telegram command handlers registered
2025-10-17 22:45:55 W. Central Africa Standard Time - INFO - Telegram bot started
2025-10-17 22:46:23 W. Central Africa Standard Time - INFO - Telegram credentials loaded from Vault
2025-10-17 22:46:23 W. Central Africa Standard Time - INFO - Telegram Application built successfully
2025-10-17 22:46:23 W. Central Africa Standard Time - INFO - Telegram command handlers registered
2025-10-17 22:46:24 W. Central Africa Standard Time - INFO - Telegram bot started
2025-10-17 22:46:51 W. Central Africa Standard Time - INFO - Telegram credentials loaded from Vault
2025-10-17 22:46:52 W. Central Africa Standard Time - INFO - Telegram Application built successfully
2025-10-17 22:46:52 W. Central Africa Standard Time - INFO - Telegram command handlers registered
2025-10-17 22:46:52 W. Central Africa Standard Time - INFO - Telegram bot started
2025-10-17 22:47:53 W. Central Africa Standard Time - INFO - Telegram credentials loaded from Vault
2025-10-17 22:47:53 W. Central Africa Standard Time - INFO - Telegram Application built successfully
2025-10-17 22:47:53 W. Central Africa Standard Time - INFO - Telegram command handlers registered
2025-10-17 22:47:54 W. Central Africa Standard Time - INFO - Telegram bot started
2025-10-17 22:48:54 W. Central Africa Standard Time - INFO - Telegram credentials loaded from Vault
2025-10-17 22:48:54 W. Central Africa Standard Time - INFO - Telegram Application built successfully
2025-10-17 22:48:54 W. Central Africa Standard Time - INFO - Telegram command handlers registered
2025-10-17 22:48:55 W. Central Africa Standard Time - INFO - Telegram bot started
2025-10-17 22:49:55 W. Central Africa Standard Time - INFO - Telegram credentials loaded from Vault
2025-10-17 22:49:55 W. Central Africa Standard Time - INFO - Telegram Application built successfully
2025-10-17 22:49:55 W. Central Africa Standard Time - INFO - Telegram command handlers registered
2025-10-17 22:49:56 W. Central Africa Standard Time - INFO - Telegram bot started
2025-10-17 22:51:00 W. Central Africa Standard Time - INFO - Telegram credentials loaded from Vault
2025-10-17 22:51:00 W. Central Africa Standard Time - INFO - Telegram Application built successfully
2025-10-17 22:51:00 W. Central Africa Standard Time - INFO - Telegram command handlers registered
2025-10-17 22:51:01 W. Central Africa Standard Time - INFO - Telegram bot started
2025-10-17 22:51:56 W. Central Africa Standard Time - INFO - Telegram credentials loaded from Vault
2025-10-17 22:51:56 W. Central Africa Standard Time - INFO - Telegram Application built successfully
2025-10-17 22:51:56 W. Central Africa Standard Time - INFO - Telegram command handlers registered
2025-10-17 22:51:57 W. Central Africa Standard Time - INFO - Telegram bot started
2025-10-17 22:52:58 W. Central Africa Standard Time - INFO - Telegram credentials loaded from Vault
2025-10-17 22:52:58 W. Central Africa Standard Time - INFO - Telegram Application built successfully
2025-10-17 22:52:58 W. Central Africa Standard Time - INFO - Telegram command handlers registered
2025-10-17 22:52:59 W. Central Africa Standard Time - INFO - Telegram bot started
2025-10-17 22:56:11 W. Central Africa Standard Time - INFO - Telegram credentials loaded from Vault
2025-10-17 22:56:11 W. Central Africa Standard Time - INFO - Telegram Application built successfully
2025-10-17 22:56:11 W. Central Africa Standard Time - INFO - Telegram command handlers registered
2025-10-17 22:56:12 W. Central Africa Standard Time - INFO - Telegram bot started
2025-10-17 22:56:13 W. Central Africa Standard Time - INFO - Telegram bot stopped
2025-10-17 22:56:24 W. Central Africa Standard Time - INFO - Telegram credentials loaded from Vault
2025-10-17 22:56:25 W. Central Africa Standard Time - INFO - Telegram Application built successfully
2025-10-17 22:56:25 W. Central Africa Standard Time - INFO - Telegram command handlers registered
2025-10-17 22:56:26 W. Central Africa Standard Time - INFO - Telegram bot started
2025-10-17 22:56:27 W. Central Africa Standard Time - INFO - Telegram bot stopped
2025-10-17 22:56:31 W. Central Africa Standard Time - INFO - Telegram credentials loaded from Vault
2025-10-17 22:56:31 W. Central Africa Standard Time - INFO - Telegram Application built successfully
2025-10-17 22:56:31 W. Central Africa Standard Time - INFO - Telegram command handlers registered
2025-10-17 22:56:33 W. Central Africa Standard Time - INFO - Telegram bot started
2025-10-17 22:56:34 W. Central Africa Standard Time - INFO - Telegram bot stopped
2025-10-17 22:56:38 W. Central Africa Standard Time - INFO - Telegram credentials loaded from Vault
2025-10-17 22:56:38 W. Central Africa Standard Time - INFO - Telegram Application built successfully
2025-10-17 22:56:38 W. Central Africa Standard Time - INFO - Telegram command handlers registered
2025-10-17 22:56:38 W. Central Africa Standard Time - INFO - Telegram bot started
2025-10-18 00:10:24 W. Central Africa Standard Time - INFO - Telegram credentials loaded from Vault
2025-10-18 00:10:24 W. Central Africa Standard Time - INFO - Telegram Application built successfully
2025-10-18 00:10:24 W. Central Africa Standard Time - INFO - Telegram command handlers registered
2025-10-18 00:10:25 W. Central Africa Standard Time - INFO - Telegram bot started
2025-10-18 00:10:26 W. Central Africa Standard Time - INFO - Telegram bot stopped
2025-10-18 00:10:39 W. Central Africa Standard Time - INFO - Telegram credentials loaded from Vault
2025-10-18 00:10:39 W. Central Africa Standard Time - INFO - Telegram Application built successfully
2025-10-18 00:10:39 W. Central Africa Standard Time - INFO - Telegram command handlers registered
2025-10-18 00:10:39 W. Central Africa Standard Time - INFO - Telegram credentials loaded from Vault
2025-10-18 00:10:39 W. Central Africa Standard Time - INFO - Telegram Application built successfully
2025-10-18 00:10:39 W. Central Africa Standard Time - INFO - Telegram command handlers registered
2025-10-18 00:10:40 W. Central Africa Standard Time - INFO - Telegram bot started
2025-10-18 00:10:40 W. Central Africa Standard Time - INFO - Telegram bot started
2025-10-18 00:10:41 W. Central Africa Standard Time - INFO - Telegram bot stopped
2025-10-18 01:13:03 W. Central Africa Standard Time - INFO - Telegram credentials loaded from Vault
2025-10-18 01:13:03 W. Central Africa Standard Time - INFO - Telegram Application built successfully
2025-10-18 01:13:03 W. Central Africa Standard Time - INFO - Telegram command handlers registered
2025-10-18 01:13:04 W. Central Africa Standard Time - INFO - Telegram bot started
2025-10-18 01:13:05 W. Central Africa Standard Time - INFO - Telegram bot stopped
2025-10-18 01:13:12 W. Central Africa Standard Time - INFO - Telegram credentials loaded from Vault
2025-10-18 01:13:12 W. Central Africa Standard Time - INFO - Telegram Application built successfully
2025-10-18 01:13:12 W. Central Africa Standard Time - INFO - Telegram command handlers registered
2025-10-18 01:13:13 W. Central Africa Standard Time - INFO - Telegram bot started
2025-10-18 01:13:14 W. Central Africa Standard Time - INFO - Telegram bot stopped
2025-10-18 10:12:47 W. Central Africa Standard Time - ERROR - Failed to load Telegram credentials: Invalid or missing Telegram credentials in Vault.
2025-10-18 11:39:15 W. Central Africa Standard Time - ERROR - Failed to load Telegram credentials: Invalid or missing Telegram credentials in Vault.
2025-10-18 12:06:29 W. Central Africa Standard Time - ERROR - Failed to load Telegram credentials: Invalid or missing Telegram credentials in Vault.
