2025-10-17 09:55:40 W. Central Africa Standard Time - ERROR - Failed to initialize Vault client: HTTPConnectionPool(host='127.0.0.1', port=8200): Max retries exceeded with url: /v1/auth/token/lookup-self (Caused by NewConnectionError('<urllib3.connection.HTTPConnection object at 0x0000019B13D5A270>: Failed to establish a new connection: [WinError 10061] No connection could be made because the target machine actively refused it'))
2025-10-17 10:13:53 W. Central Africa Standard Time - ERROR - Failed to initialize Vault client: Vault authentication failed. Check URL and token.
2025-10-17 12:02:35 W. Central Africa Standard Time - ERROR - Failed to initialize Vault client: Vault authentication failed. Check URL and token.
2025-10-17 12:13:31 W. Central Africa Standard Time - ERROR - Failed to initialize Vault client: HTTPConnectionPool(host='127.0.0.1', port=8200): Max retries exceeded with url: /v1/auth/token/lookup-self (Caused by NewConnectionError('<urllib3.connection.HTTPConnection object at 0x0000016C415863C0>: Failed to establish a new connection: [WinError 10061] No connection could be made because the target machine actively refused it'))
2025-10-17 12:15:40 W. Central Africa Standard Time - ERROR - Failed to initialize Vault client: HTTPConnectionPool(host='127.0.0.1', port=8200): Max retries exceeded with url: /v1/auth/token/lookup-self (Caused by NewConnectionError('<urllib3.connection.HTTPConnection object at 0x000001D71006E510>: Failed to establish a new connection: [WinError 10061] No connection could be made because the target machine actively refused it'))
2025-10-17 12:26:52 W. Central Africa Standard Time - INFO - Vault client authenticated successfully
2025-10-17 12:26:56 W. Central Africa Standard Time - INFO - Vault client authenticated successfully
2025-10-17 12:26:57 W. Central Africa Standard Time - ERROR - Secret path 'telegram' not found in Vault
2025-10-17 12:32:20 W. Central Africa Standard Time - INFO - Vault client authenticated successfully
2025-10-17 12:32:24 W. Central Africa Standard Time - INFO - Vault client authenticated successfully
2025-10-17 12:32:24 W. Central Africa Standard Time - INFO - Fetched secrets from Vault path 'telegram'
2025-10-17 12:37:44 W. Central Africa Standard Time - INFO - Vault client authenticated successfully
2025-10-17 12:37:50 W. Central Africa Standard Time - INFO - Vault client authenticated successfully
2025-10-17 12:37:50 W. Central Africa Standard Time - INFO - Fetched secrets from Vault path 'telegram'
2025-10-17 12:46:50 W. Central Africa Standard Time - INFO - Vault client authenticated successfully
2025-10-17 12:46:56 W. Central Africa Standard Time - INFO - Vault client authenticated successfully
2025-10-17 12:46:56 W. Central Africa Standard Time - INFO - Fetched secrets from Vault path 'telegram'
2025-10-17 12:51:14 W. Central Africa Standard Time - INFO - Vault client authenticated successfully
2025-10-17 12:51:20 W. Central Africa Standard Time - ERROR - Failed to initialize Vault client: Vault authentication failed. Check URL and token.
2025-10-17 13:03:20 W. Central Africa Standard Time - INFO - Vault client authenticated successfully
2025-10-17 13:03:25 W. Central Africa Standard Time - INFO - Vault client authenticated successfully
2025-10-17 13:03:25 W. Central Africa Standard Time - INFO - Fetched secrets from Vault path 'telegram'
2025-10-17 13:08:01 W. Central Africa Standard Time - INFO - Vault client authenticated successfully
2025-10-17 13:08:06 W. Central Africa Standard Time - ERROR - Failed to initialize Vault client: Vault authentication failed. Check URL and token.
2025-10-17 13:11:06 W. Central Africa Standard Time - INFO - Vault client authenticated successfully
2025-10-17 13:11:10 W. Central Africa Standard Time - INFO - Vault client authenticated successfully
2025-10-17 13:11:10 W. Central Africa Standard Time - INFO - Fetched secrets from Vault path 'telegram'
2025-10-17 13:14:02 [INFO] VaultSecretsManager: Vault client authenticated successfully
2025-10-17 13:14:11 [INFO] VaultSecretsManager: Vault client authenticated successfully
2025-10-17 13:14:11 [WARNING] VaultSecretsManager: Could not decode 'credentials' as JSON at path telegram
